[4.258s] DEBUG:colcon:Command line arguments: ['/usr/bin/colcon', 'build', '--symlink-install', '--packages-select', 'go2_interfaces', 'go2_bridge', 'go2_mission', 'go2_nav_bringup']
[4.258s] DEBUG:colcon:Parsed command line arguments: Namespace(allow_overriding=[], ament_cmake_args=None, base_paths=['.'], build_base='build', catkin_cmake_args=None, catkin_skip_building_tests=False, cmake_args=None, cmake_clean_cache=False, cmake_clean_first=False, cmake_force_configure=False, cmake_target=None, cmake_target_skip_unavailable=False, continue_on_error=False, event_handlers=None, executor='parallel', ignore_user_meta=False, install_base='install', log_base=None, log_level=None, main=<bound method BuildVerb.main of <colcon_core.verb.build.BuildVerb object at 0xffff96435670>>, merge_install=False, metas=['./colcon.meta'], packages_above=None, packages_above_and_dependencies=None, packages_above_depth=None, packages_end=None, packages_ignore=None, packages_ignore_regex=None, packages_select=['go2_interfaces', 'go2_bridge', 'go2_mission', 'go2_nav_bringup'], packages_select_build_failed=False, packages_select_by_dep=None, packages_select_regex=None, packages_select_test_failures=False, packages_skip=None, packages_skip_build_finished=False, packages_skip_by_dep=None, packages_skip_regex=None, packages_skip_test_passed=False, packages_skip_up_to=None, packages_start=None, packages_up_to=None, packages_up_to_regex=None, parallel_workers=4, paths=None, symlink_install=True, test_result_base=None, verb_extension=<colcon_core.verb.build.BuildVerb object at 0xffff96435670>, verb_name='build', verb_parser=<colcon_defaults.argument_parser.defaults.DefaultArgumentsDecorator object at 0xffff95ede5b0>)
[4.355s] ERROR:colcon.colcon_core.extension_point:Exception loading extension 'colcon_core.package_identification.python_setup_py': module 'importlib_metadata' has no attribute 'EntryPoints'
Traceback (most recent call last):
  File "/usr/lib/python3/dist-packages/colcon_core/extension_point.py", line 116, in load_extension_points
    extension_type = load_extension_point(name, value, group)
  File "/usr/lib/python3/dist-packages/colcon_core/extension_point.py", line 157, in load_extension_point
    return EntryPoint(name, value, group).load()
  File "/usr/lib/python3.8/importlib/metadata.py", line 77, in load
    module = import_module(match.group('module'))
  File "/usr/lib/python3.8/importlib/__init__.py", line 127, in import_module
    return _bootstrap._gcd_import(name[level:], package, level)
  File "<frozen importlib._bootstrap>", line 1014, in _gcd_import
  File "<frozen importlib._bootstrap>", line 991, in _find_and_load
  File "<frozen importlib._bootstrap>", line 975, in _find_and_load_unlocked
  File "<frozen importlib._bootstrap>", line 671, in _load_unlocked
  File "<frozen importlib._bootstrap_external>", line 848, in exec_module
  File "<frozen importlib._bootstrap>", line 219, in _call_with_frames_removed
  File "/usr/lib/python3/dist-packages/colcon_python_setup_py/package_identification/python_setup_py.py", line 9, in <module>
    import setuptools
  File "/home/unitree/.local/lib/python3.8/site-packages/setuptools/__init__.py", line 27, in <module>
    from .dist import Distribution
  File "/home/unitree/.local/lib/python3.8/site-packages/setuptools/dist.py", line 30, in <module>
    from . import (
  File "/home/unitree/.local/lib/python3.8/site-packages/setuptools/_entry_points.py", line 45, in <module>
    def validate(eps: metadata.EntryPoints):
AttributeError: module 'importlib_metadata' has no attribute 'EntryPoints'

[4.429s] Level 1:colcon.colcon_core.package_discovery:discover_packages(colcon_meta) check parameters
[4.429s] Level 1:colcon.colcon_core.package_discovery:discover_packages(recursive) check parameters
[4.429s] Level 1:colcon.colcon_core.package_discovery:discover_packages(ignore) check parameters
[4.430s] Level 1:colcon.colcon_core.package_discovery:discover_packages(path) check parameters
[4.430s] Level 1:colcon.colcon_core.package_discovery:discover_packages(colcon_meta) discover
[4.430s] Level 1:colcon.colcon_core.package_discovery:discover_packages(recursive) discover
[4.430s] INFO:colcon.colcon_core.package_discovery:Crawling recursively for packages in '/home/unitree/go/Go2Robot/ros_ws'
[4.430s] Level 1:colcon.colcon_core.package_identification:_identify(.) by extensions ['ignore', 'ignore_ament_install']
[4.430s] Level 1:colcon.colcon_core.package_identification:_identify(.) by extension 'ignore'
[4.430s] Level 1:colcon.colcon_core.package_identification:_identify(.) by extension 'ignore_ament_install'
[4.431s] Level 1:colcon.colcon_core.package_identification:_identify(.) by extensions ['colcon_pkg']
[4.431s] Level 1:colcon.colcon_core.package_identification:_identify(.) by extension 'colcon_pkg'
[4.431s] Level 1:colcon.colcon_core.package_identification:_identify(.) by extensions ['colcon_meta']
[4.431s] Level 1:colcon.colcon_core.package_identification:_identify(.) by extension 'colcon_meta'
[4.431s] Level 1:colcon.colcon_core.package_identification:_identify(.) by extensions ['ros']
[4.431s] Level 1:colcon.colcon_core.package_identification:_identify(.) by extension 'ros'
[4.436s] Level 1:colcon.colcon_core.package_identification:_identify(.) by extensions ['cmake', 'python']
[4.436s] Level 1:colcon.colcon_core.package_identification:_identify(.) by extension 'cmake'
[4.436s] Level 1:colcon.colcon_core.package_identification:_identify(.) by extension 'python'
[4.436s] Level 1:colcon.colcon_core.package_identification:_identify(build) by extensions ['ignore', 'ignore_ament_install']
[4.437s] Level 1:colcon.colcon_core.package_identification:_identify(build) by extension 'ignore'
[4.437s] Level 1:colcon.colcon_core.package_identification:_identify(build) ignored
[4.437s] Level 1:colcon.colcon_core.package_identification:_identify(install) by extensions ['ignore', 'ignore_ament_install']
[4.437s] Level 1:colcon.colcon_core.package_identification:_identify(install) by extension 'ignore'
[4.437s] Level 1:colcon.colcon_core.package_identification:_identify(install) ignored
[4.437s] Level 1:colcon.colcon_core.package_identification:_identify(log) by extensions ['ignore', 'ignore_ament_install']
[4.438s] Level 1:colcon.colcon_core.package_identification:_identify(log) by extension 'ignore'
[4.438s] Level 1:colcon.colcon_core.package_identification:_identify(log) ignored
[4.438s] Level 1:colcon.colcon_core.package_identification:_identify(src) by extensions ['ignore', 'ignore_ament_install']
[4.438s] Level 1:colcon.colcon_core.package_identification:_identify(src) by extension 'ignore'
[4.438s] Level 1:colcon.colcon_core.package_identification:_identify(src) by extension 'ignore_ament_install'
[4.438s] Level 1:colcon.colcon_core.package_identification:_identify(src) by extensions ['colcon_pkg']
[4.438s] Level 1:colcon.colcon_core.package_identification:_identify(src) by extension 'colcon_pkg'
[4.438s] Level 1:colcon.colcon_core.package_identification:_identify(src) by extensions ['colcon_meta']
[4.439s] Level 1:colcon.colcon_core.package_identification:_identify(src) by extension 'colcon_meta'
[4.439s] Level 1:colcon.colcon_core.package_identification:_identify(src) by extensions ['ros']
[4.439s] Level 1:colcon.colcon_core.package_identification:_identify(src) by extension 'ros'
[4.439s] Level 1:colcon.colcon_core.package_identification:_identify(src) by extensions ['cmake', 'python']
[4.439s] Level 1:colcon.colcon_core.package_identification:_identify(src) by extension 'cmake'
[4.439s] Level 1:colcon.colcon_core.package_identification:_identify(src) by extension 'python'
[4.439s] Level 1:colcon.colcon_core.package_identification:_identify(src/go2_bridge) by extensions ['ignore', 'ignore_ament_install']
[4.439s] Level 1:colcon.colcon_core.package_identification:_identify(src/go2_bridge) by extension 'ignore'
[4.439s] Level 1:colcon.colcon_core.package_identification:_identify(src/go2_bridge) by extension 'ignore_ament_install'
[4.440s] Level 1:colcon.colcon_core.package_identification:_identify(src/go2_bridge) by extensions ['colcon_pkg']
[4.440s] Level 1:colcon.colcon_core.package_identification:_identify(src/go2_bridge) by extension 'colcon_pkg'
[4.440s] Level 1:colcon.colcon_core.package_identification:_identify(src/go2_bridge) by extensions ['colcon_meta']
[4.440s] Level 1:colcon.colcon_core.package_identification:_identify(src/go2_bridge) by extension 'colcon_meta'
[4.440s] Level 1:colcon.colcon_core.package_identification:_identify(src/go2_bridge) by extensions ['ros']
[4.440s] Level 1:colcon.colcon_core.package_identification:_identify(src/go2_bridge) by extension 'ros'
[4.440s] Level 1:colcon.colcon_core.package_identification:_identify(src/go2_bridge) by extensions ['cmake', 'python']
[4.440s] Level 1:colcon.colcon_core.package_identification:_identify(src/go2_bridge) by extension 'cmake'
[4.440s] Level 1:colcon.colcon_core.package_identification:_identify(src/go2_bridge) by extension 'python'
[4.440s] DEBUG:colcon.colcon_core.package_identification:Python package in 'src/go2_bridge' passes arguments to the setup() function which requires a different identification extension than 'python'
[4.441s] Level 1:colcon.colcon_core.package_identification:_identify(src/go2_bridge/go2_bridge) by extensions ['ignore', 'ignore_ament_install']
[4.441s] Level 1:colcon.colcon_core.package_identification:_identify(src/go2_bridge/go2_bridge) by extension 'ignore'
[4.441s] Level 1:colcon.colcon_core.package_identification:_identify(src/go2_bridge/go2_bridge) by extension 'ignore_ament_install'
[4.441s] Level 1:colcon.colcon_core.package_identification:_identify(src/go2_bridge/go2_bridge) by extensions ['colcon_pkg']
[4.441s] Level 1:colcon.colcon_core.package_identification:_identify(src/go2_bridge/go2_bridge) by extension 'colcon_pkg'
[4.441s] Level 1:colcon.colcon_core.package_identification:_identify(src/go2_bridge/go2_bridge) by extensions ['colcon_meta']
[4.441s] Level 1:colcon.colcon_core.package_identification:_identify(src/go2_bridge/go2_bridge) by extension 'colcon_meta'
[4.441s] Level 1:colcon.colcon_core.package_identification:_identify(src/go2_bridge/go2_bridge) by extensions ['ros']
[4.441s] Level 1:colcon.colcon_core.package_identification:_identify(src/go2_bridge/go2_bridge) by extension 'ros'
[4.442s] Level 1:colcon.colcon_core.package_identification:_identify(src/go2_bridge/go2_bridge) by extensions ['cmake', 'python']
[4.442s] Level 1:colcon.colcon_core.package_identification:_identify(src/go2_bridge/go2_bridge) by extension 'cmake'
[4.442s] Level 1:colcon.colcon_core.package_identification:_identify(src/go2_bridge/go2_bridge) by extension 'python'
[4.442s] Level 1:colcon.colcon_core.package_identification:_identify(src/go2_bridge/resource) by extensions ['ignore', 'ignore_ament_install']
[4.442s] Level 1:colcon.colcon_core.package_identification:_identify(src/go2_bridge/resource) by extension 'ignore'
[4.442s] Level 1:colcon.colcon_core.package_identification:_identify(src/go2_bridge/resource) by extension 'ignore_ament_install'
[4.442s] Level 1:colcon.colcon_core.package_identification:_identify(src/go2_bridge/resource) by extensions ['colcon_pkg']
[4.442s] Level 1:colcon.colcon_core.package_identification:_identify(src/go2_bridge/resource) by extension 'colcon_pkg'
[4.442s] Level 1:colcon.colcon_core.package_identification:_identify(src/go2_bridge/resource) by extensions ['colcon_meta']
[4.442s] Level 1:colcon.colcon_core.package_identification:_identify(src/go2_bridge/resource) by extension 'colcon_meta'
[4.443s] Level 1:colcon.colcon_core.package_identification:_identify(src/go2_bridge/resource) by extensions ['ros']
[4.443s] Level 1:colcon.colcon_core.package_identification:_identify(src/go2_bridge/resource) by extension 'ros'
[4.443s] Level 1:colcon.colcon_core.package_identification:_identify(src/go2_bridge/resource) by extensions ['cmake', 'python']
[4.443s] Level 1:colcon.colcon_core.package_identification:_identify(src/go2_bridge/resource) by extension 'cmake'
[4.443s] Level 1:colcon.colcon_core.package_identification:_identify(src/go2_bridge/resource) by extension 'python'
[4.443s] Level 1:colcon.colcon_core.package_identification:_identify(src/go2_interfaces) by extensions ['ignore', 'ignore_ament_install']
[4.443s] Level 1:colcon.colcon_core.package_identification:_identify(src/go2_interfaces) by extension 'ignore'
[4.443s] Level 1:colcon.colcon_core.package_identification:_identify(src/go2_interfaces) by extension 'ignore_ament_install'
[4.443s] Level 1:colcon.colcon_core.package_identification:_identify(src/go2_interfaces) by extensions ['colcon_pkg']
[4.444s] Level 1:colcon.colcon_core.package_identification:_identify(src/go2_interfaces) by extension 'colcon_pkg'
[4.444s] Level 1:colcon.colcon_core.package_identification:_identify(src/go2_interfaces) by extensions ['colcon_meta']
[4.444s] Level 1:colcon.colcon_core.package_identification:_identify(src/go2_interfaces) by extension 'colcon_meta'
[4.444s] Level 1:colcon.colcon_core.package_identification:_identify(src/go2_interfaces) by extensions ['ros']
[4.444s] Level 1:colcon.colcon_core.package_identification:_identify(src/go2_interfaces) by extension 'ros'
[4.444s] Level 1:colcon.colcon_core.package_identification:_identify(src/go2_interfaces) by extensions ['cmake', 'python']
[4.444s] Level 1:colcon.colcon_core.package_identification:_identify(src/go2_interfaces) by extension 'cmake'
[4.446s] Level 1:colcon.colcon_core.package_identification:_identify(src/go2_interfaces) by extension 'python'
[4.447s] DEBUG:colcon.colcon_core.package_identification:Package 'src/go2_interfaces' with type 'cmake' and name 'go2_interfaces'
[4.447s] Level 1:colcon.colcon_core.package_identification:_identify(src/go2_mission) by extensions ['ignore', 'ignore_ament_install']
[4.447s] Level 1:colcon.colcon_core.package_identification:_identify(src/go2_mission) by extension 'ignore'
[4.447s] Level 1:colcon.colcon_core.package_identification:_identify(src/go2_mission) by extension 'ignore_ament_install'
[4.447s] Level 1:colcon.colcon_core.package_identification:_identify(src/go2_mission) by extensions ['colcon_pkg']
[4.447s] Level 1:colcon.colcon_core.package_identification:_identify(src/go2_mission) by extension 'colcon_pkg'
[4.447s] Level 1:colcon.colcon_core.package_identification:_identify(src/go2_mission) by extensions ['colcon_meta']
[4.447s] Level 1:colcon.colcon_core.package_identification:_identify(src/go2_mission) by extension 'colcon_meta'
[4.448s] Level 1:colcon.colcon_core.package_identification:_identify(src/go2_mission) by extensions ['ros']
[4.448s] Level 1:colcon.colcon_core.package_identification:_identify(src/go2_mission) by extension 'ros'
[4.448s] Level 1:colcon.colcon_core.package_identification:_identify(src/go2_mission) by extensions ['cmake', 'python']
[4.448s] Level 1:colcon.colcon_core.package_identification:_identify(src/go2_mission) by extension 'cmake'
[4.448s] Level 1:colcon.colcon_core.package_identification:_identify(src/go2_mission) by extension 'python'
[4.448s] DEBUG:colcon.colcon_core.package_identification:Python package in 'src/go2_mission' passes arguments to the setup() function which requires a different identification extension than 'python'
[4.448s] Level 1:colcon.colcon_core.package_identification:_identify(src/go2_mission/go2_mission) by extensions ['ignore', 'ignore_ament_install']
[4.448s] Level 1:colcon.colcon_core.package_identification:_identify(src/go2_mission/go2_mission) by extension 'ignore'
[4.449s] Level 1:colcon.colcon_core.package_identification:_identify(src/go2_mission/go2_mission) by extension 'ignore_ament_install'
[4.449s] Level 1:colcon.colcon_core.package_identification:_identify(src/go2_mission/go2_mission) by extensions ['colcon_pkg']
[4.449s] Level 1:colcon.colcon_core.package_identification:_identify(src/go2_mission/go2_mission) by extension 'colcon_pkg'
[4.449s] Level 1:colcon.colcon_core.package_identification:_identify(src/go2_mission/go2_mission) by extensions ['colcon_meta']
[4.449s] Level 1:colcon.colcon_core.package_identification:_identify(src/go2_mission/go2_mission) by extension 'colcon_meta'
[4.449s] Level 1:colcon.colcon_core.package_identification:_identify(src/go2_mission/go2_mission) by extensions ['ros']
[4.449s] Level 1:colcon.colcon_core.package_identification:_identify(src/go2_mission/go2_mission) by extension 'ros'
[4.449s] Level 1:colcon.colcon_core.package_identification:_identify(src/go2_mission/go2_mission) by extensions ['cmake', 'python']
[4.449s] Level 1:colcon.colcon_core.package_identification:_identify(src/go2_mission/go2_mission) by extension 'cmake'
[4.449s] Level 1:colcon.colcon_core.package_identification:_identify(src/go2_mission/go2_mission) by extension 'python'
[4.450s] Level 1:colcon.colcon_core.package_identification:_identify(src/go2_mission/resource) by extensions ['ignore', 'ignore_ament_install']
[4.450s] Level 1:colcon.colcon_core.package_identification:_identify(src/go2_mission/resource) by extension 'ignore'
[4.450s] Level 1:colcon.colcon_core.package_identification:_identify(src/go2_mission/resource) by extension 'ignore_ament_install'
[4.450s] Level 1:colcon.colcon_core.package_identification:_identify(src/go2_mission/resource) by extensions ['colcon_pkg']
[4.450s] Level 1:colcon.colcon_core.package_identification:_identify(src/go2_mission/resource) by extension 'colcon_pkg'
[4.450s] Level 1:colcon.colcon_core.package_identification:_identify(src/go2_mission/resource) by extensions ['colcon_meta']
[4.450s] Level 1:colcon.colcon_core.package_identification:_identify(src/go2_mission/resource) by extension 'colcon_meta'
[4.450s] Level 1:colcon.colcon_core.package_identification:_identify(src/go2_mission/resource) by extensions ['ros']
[4.450s] Level 1:colcon.colcon_core.package_identification:_identify(src/go2_mission/resource) by extension 'ros'
[4.451s] Level 1:colcon.colcon_core.package_identification:_identify(src/go2_mission/resource) by extensions ['cmake', 'python']
[4.451s] Level 1:colcon.colcon_core.package_identification:_identify(src/go2_mission/resource) by extension 'cmake'
[4.451s] Level 1:colcon.colcon_core.package_identification:_identify(src/go2_mission/resource) by extension 'python'
[4.451s] Level 1:colcon.colcon_core.package_identification:_identify(src/go2_nav_bringup) by extensions ['ignore', 'ignore_ament_install']
[4.451s] Level 1:colcon.colcon_core.package_identification:_identify(src/go2_nav_bringup) by extension 'ignore'
[4.451s] Level 1:colcon.colcon_core.package_identification:_identify(src/go2_nav_bringup) by extension 'ignore_ament_install'
[4.451s] Level 1:colcon.colcon_core.package_identification:_identify(src/go2_nav_bringup) by extensions ['colcon_pkg']
[4.451s] Level 1:colcon.colcon_core.package_identification:_identify(src/go2_nav_bringup) by extension 'colcon_pkg'
[4.451s] Level 1:colcon.colcon_core.package_identification:_identify(src/go2_nav_bringup) by extensions ['colcon_meta']
[4.451s] Level 1:colcon.colcon_core.package_identification:_identify(src/go2_nav_bringup) by extension 'colcon_meta'
[4.452s] Level 1:colcon.colcon_core.package_identification:_identify(src/go2_nav_bringup) by extensions ['ros']
[4.452s] Level 1:colcon.colcon_core.package_identification:_identify(src/go2_nav_bringup) by extension 'ros'
[4.452s] Level 1:colcon.colcon_core.package_identification:_identify(src/go2_nav_bringup) by extensions ['cmake', 'python']
[4.452s] Level 1:colcon.colcon_core.package_identification:_identify(src/go2_nav_bringup) by extension 'cmake'
[4.452s] Level 1:colcon.colcon_core.package_identification:_identify(src/go2_nav_bringup) by extension 'python'
[4.452s] DEBUG:colcon.colcon_core.package_identification:Python package in 'src/go2_nav_bringup' passes arguments to the setup() function which requires a different identification extension than 'python'
[4.452s] Level 1:colcon.colcon_core.package_identification:_identify(src/go2_nav_bringup/launch) by extensions ['ignore', 'ignore_ament_install']
[4.452s] Level 1:colcon.colcon_core.package_identification:_identify(src/go2_nav_bringup/launch) by extension 'ignore'
[4.453s] Level 1:colcon.colcon_core.package_identification:_identify(src/go2_nav_bringup/launch) by extension 'ignore_ament_install'
[4.453s] Level 1:colcon.colcon_core.package_identification:_identify(src/go2_nav_bringup/launch) by extensions ['colcon_pkg']
[4.453s] Level 1:colcon.colcon_core.package_identification:_identify(src/go2_nav_bringup/launch) by extension 'colcon_pkg'
[4.453s] Level 1:colcon.colcon_core.package_identification:_identify(src/go2_nav_bringup/launch) by extensions ['colcon_meta']
[4.453s] Level 1:colcon.colcon_core.package_identification:_identify(src/go2_nav_bringup/launch) by extension 'colcon_meta'
[4.453s] Level 1:colcon.colcon_core.package_identification:_identify(src/go2_nav_bringup/launch) by extensions ['ros']
[4.453s] Level 1:colcon.colcon_core.package_identification:_identify(src/go2_nav_bringup/launch) by extension 'ros'
[4.453s] Level 1:colcon.colcon_core.package_identification:_identify(src/go2_nav_bringup/launch) by extensions ['cmake', 'python']
[4.453s] Level 1:colcon.colcon_core.package_identification:_identify(src/go2_nav_bringup/launch) by extension 'cmake'
[4.453s] Level 1:colcon.colcon_core.package_identification:_identify(src/go2_nav_bringup/launch) by extension 'python'
[4.454s] Level 1:colcon.colcon_core.package_identification:_identify(src/go2_nav_bringup/maps) by extensions ['ignore', 'ignore_ament_install']
[4.454s] Level 1:colcon.colcon_core.package_identification:_identify(src/go2_nav_bringup/maps) by extension 'ignore'
[4.454s] Level 1:colcon.colcon_core.package_identification:_identify(src/go2_nav_bringup/maps) by extension 'ignore_ament_install'
[4.454s] Level 1:colcon.colcon_core.package_identification:_identify(src/go2_nav_bringup/maps) by extensions ['colcon_pkg']
[4.454s] Level 1:colcon.colcon_core.package_identification:_identify(src/go2_nav_bringup/maps) by extension 'colcon_pkg'
[4.454s] Level 1:colcon.colcon_core.package_identification:_identify(src/go2_nav_bringup/maps) by extensions ['colcon_meta']
[4.454s] Level 1:colcon.colcon_core.package_identification:_identify(src/go2_nav_bringup/maps) by extension 'colcon_meta'
[4.454s] Level 1:colcon.colcon_core.package_identification:_identify(src/go2_nav_bringup/maps) by extensions ['ros']
[4.454s] Level 1:colcon.colcon_core.package_identification:_identify(src/go2_nav_bringup/maps) by extension 'ros'
[4.454s] Level 1:colcon.colcon_core.package_identification:_identify(src/go2_nav_bringup/maps) by extensions ['cmake', 'python']
[4.455s] Level 1:colcon.colcon_core.package_identification:_identify(src/go2_nav_bringup/maps) by extension 'cmake'
[4.455s] Level 1:colcon.colcon_core.package_identification:_identify(src/go2_nav_bringup/maps) by extension 'python'
[4.455s] Level 1:colcon.colcon_core.package_identification:_identify(src/go2_nav_bringup/params) by extensions ['ignore', 'ignore_ament_install']
[4.455s] Level 1:colcon.colcon_core.package_identification:_identify(src/go2_nav_bringup/params) by extension 'ignore'
[4.455s] Level 1:colcon.colcon_core.package_identification:_identify(src/go2_nav_bringup/params) by extension 'ignore_ament_install'
[4.455s] Level 1:colcon.colcon_core.package_identification:_identify(src/go2_nav_bringup/params) by extensions ['colcon_pkg']
[4.455s] Level 1:colcon.colcon_core.package_identification:_identify(src/go2_nav_bringup/params) by extension 'colcon_pkg'
[4.455s] Level 1:colcon.colcon_core.package_identification:_identify(src/go2_nav_bringup/params) by extensions ['colcon_meta']
[4.455s] Level 1:colcon.colcon_core.package_identification:_identify(src/go2_nav_bringup/params) by extension 'colcon_meta'
[4.455s] Level 1:colcon.colcon_core.package_identification:_identify(src/go2_nav_bringup/params) by extensions ['ros']
[4.456s] Level 1:colcon.colcon_core.package_identification:_identify(src/go2_nav_bringup/params) by extension 'ros'
[4.456s] Level 1:colcon.colcon_core.package_identification:_identify(src/go2_nav_bringup/params) by extensions ['cmake', 'python']
[4.456s] Level 1:colcon.colcon_core.package_identification:_identify(src/go2_nav_bringup/params) by extension 'cmake'
[4.456s] Level 1:colcon.colcon_core.package_identification:_identify(src/go2_nav_bringup/params) by extension 'python'
[4.456s] Level 1:colcon.colcon_core.package_identification:_identify(src/go2_nav_bringup/resource) by extensions ['ignore', 'ignore_ament_install']
[4.456s] Level 1:colcon.colcon_core.package_identification:_identify(src/go2_nav_bringup/resource) by extension 'ignore'
[4.456s] Level 1:colcon.colcon_core.package_identification:_identify(src/go2_nav_bringup/resource) by extension 'ignore_ament_install'
[4.456s] Level 1:colcon.colcon_core.package_identification:_identify(src/go2_nav_bringup/resource) by extensions ['colcon_pkg']
[4.456s] Level 1:colcon.colcon_core.package_identification:_identify(src/go2_nav_bringup/resource) by extension 'colcon_pkg'
[4.457s] Level 1:colcon.colcon_core.package_identification:_identify(src/go2_nav_bringup/resource) by extensions ['colcon_meta']
[4.457s] Level 1:colcon.colcon_core.package_identification:_identify(src/go2_nav_bringup/resource) by extension 'colcon_meta'
[4.457s] Level 1:colcon.colcon_core.package_identification:_identify(src/go2_nav_bringup/resource) by extensions ['ros']
[4.457s] Level 1:colcon.colcon_core.package_identification:_identify(src/go2_nav_bringup/resource) by extension 'ros'
[4.457s] Level 1:colcon.colcon_core.package_identification:_identify(src/go2_nav_bringup/resource) by extensions ['cmake', 'python']
[4.457s] Level 1:colcon.colcon_core.package_identification:_identify(src/go2_nav_bringup/resource) by extension 'cmake'
[4.457s] Level 1:colcon.colcon_core.package_identification:_identify(src/go2_nav_bringup/resource) by extension 'python'
[4.457s] Level 1:colcon.colcon_core.package_identification:_identify(src/go2_nav_bringup/rviz) by extensions ['ignore', 'ignore_ament_install']
[4.457s] Level 1:colcon.colcon_core.package_identification:_identify(src/go2_nav_bringup/rviz) by extension 'ignore'
[4.457s] Level 1:colcon.colcon_core.package_identification:_identify(src/go2_nav_bringup/rviz) by extension 'ignore_ament_install'
[4.458s] Level 1:colcon.colcon_core.package_identification:_identify(src/go2_nav_bringup/rviz) by extensions ['colcon_pkg']
[4.458s] Level 1:colcon.colcon_core.package_identification:_identify(src/go2_nav_bringup/rviz) by extension 'colcon_pkg'
[4.458s] Level 1:colcon.colcon_core.package_identification:_identify(src/go2_nav_bringup/rviz) by extensions ['colcon_meta']
[4.458s] Level 1:colcon.colcon_core.package_identification:_identify(src/go2_nav_bringup/rviz) by extension 'colcon_meta'
[4.458s] Level 1:colcon.colcon_core.package_identification:_identify(src/go2_nav_bringup/rviz) by extensions ['ros']
[4.458s] Level 1:colcon.colcon_core.package_identification:_identify(src/go2_nav_bringup/rviz) by extension 'ros'
[4.458s] Level 1:colcon.colcon_core.package_identification:_identify(src/go2_nav_bringup/rviz) by extensions ['cmake', 'python']
[4.458s] Level 1:colcon.colcon_core.package_identification:_identify(src/go2_nav_bringup/rviz) by extension 'cmake'
[4.458s] Level 1:colcon.colcon_core.package_identification:_identify(src/go2_nav_bringup/rviz) by extension 'python'
[4.458s] Level 1:colcon.colcon_core.package_discovery:discover_packages(recursive) using defaults
[4.458s] Level 1:colcon.colcon_core.package_discovery:discover_packages(ignore) discover
[4.458s] Level 1:colcon.colcon_core.package_discovery:discover_packages(ignore) using defaults
[4.458s] Level 1:colcon.colcon_core.package_discovery:discover_packages(path) discover
[4.459s] Level 1:colcon.colcon_core.package_discovery:discover_packages(path) using defaults
[4.553s] WARNING:colcon.colcon_core.package_selection:ignoring unknown package 'go2_bridge' in --packages-select
[4.553s] WARNING:colcon.colcon_core.package_selection:ignoring unknown package 'go2_mission' in --packages-select
[4.553s] WARNING:colcon.colcon_core.package_selection:ignoring unknown package 'go2_nav_bringup' in --packages-select
[4.657s] ERROR:colcon.colcon_core.extension_point:Exception loading extension 'colcon_core.package_augmentation.ros_ament_python': module 'importlib_metadata' has no attribute 'EntryPoints'
Traceback (most recent call last):
  File "/usr/lib/python3/dist-packages/colcon_core/extension_point.py", line 116, in load_extension_points
    extension_type = load_extension_point(name, value, group)
  File "/usr/lib/python3/dist-packages/colcon_core/extension_point.py", line 157, in load_extension_point
    return EntryPoint(name, value, group).load()
  File "/usr/lib/python3.8/importlib/metadata.py", line 77, in load
    module = import_module(match.group('module'))
  File "/usr/lib/python3.8/importlib/__init__.py", line 127, in import_module
    return _bootstrap._gcd_import(name[level:], package, level)
  File "<frozen importlib._bootstrap>", line 1014, in _gcd_import
  File "<frozen importlib._bootstrap>", line 991, in _find_and_load
  File "<frozen importlib._bootstrap>", line 975, in _find_and_load_unlocked
  File "<frozen importlib._bootstrap>", line 671, in _load_unlocked
  File "<frozen importlib._bootstrap_external>", line 848, in exec_module
  File "<frozen importlib._bootstrap>", line 219, in _call_with_frames_removed
  File "/usr/lib/python3/dist-packages/colcon_ros/package_augmentation/ros_ament_python.py", line 8, in <module>
    from colcon_python_setup_py.package_identification.python_setup_py \
  File "/usr/lib/python3/dist-packages/colcon_python_setup_py/package_identification/python_setup_py.py", line 9, in <module>
    import setuptools
  File "/home/unitree/.local/lib/python3.8/site-packages/setuptools/__init__.py", line 27, in <module>
    from .dist import Distribution
  File "/home/unitree/.local/lib/python3.8/site-packages/setuptools/dist.py", line 30, in <module>
    from . import (
  File "/home/unitree/.local/lib/python3.8/site-packages/setuptools/_entry_points.py", line 45, in <module>
    def validate(eps: metadata.EntryPoints):
AttributeError: module 'importlib_metadata' has no attribute 'EntryPoints'

[4.661s] ERROR:colcon.colcon_core.extension_point:Exception loading extension 'colcon_core.package_augmentation.python_setup_py': module 'importlib_metadata' has no attribute 'EntryPoints'
Traceback (most recent call last):
  File "/usr/lib/python3/dist-packages/colcon_core/extension_point.py", line 116, in load_extension_points
    extension_type = load_extension_point(name, value, group)
  File "/usr/lib/python3/dist-packages/colcon_core/extension_point.py", line 157, in load_extension_point
    return EntryPoint(name, value, group).load()
  File "/usr/lib/python3.8/importlib/metadata.py", line 77, in load
    module = import_module(match.group('module'))
  File "/usr/lib/python3.8/importlib/__init__.py", line 127, in import_module
    return _bootstrap._gcd_import(name[level:], package, level)
  File "<frozen importlib._bootstrap>", line 1014, in _gcd_import
  File "<frozen importlib._bootstrap>", line 991, in _find_and_load
  File "<frozen importlib._bootstrap>", line 975, in _find_and_load_unlocked
  File "<frozen importlib._bootstrap>", line 671, in _load_unlocked
  File "<frozen importlib._bootstrap_external>", line 848, in exec_module
  File "<frozen importlib._bootstrap>", line 219, in _call_with_frames_removed
  File "/usr/lib/python3/dist-packages/colcon_python_setup_py/package_augmentation/python_setup_py.py", line 9, in <module>
    from colcon_python_setup_py.package_identification.python_setup_py import \
  File "/usr/lib/python3/dist-packages/colcon_python_setup_py/package_identification/python_setup_py.py", line 9, in <module>
    import setuptools
  File "/home/unitree/.local/lib/python3.8/site-packages/setuptools/__init__.py", line 27, in <module>
    from .dist import Distribution
  File "/home/unitree/.local/lib/python3.8/site-packages/setuptools/dist.py", line 30, in <module>
    from . import (
  File "/home/unitree/.local/lib/python3.8/site-packages/setuptools/_entry_points.py", line 45, in <module>
    def validate(eps: metadata.EntryPoints):
AttributeError: module 'importlib_metadata' has no attribute 'EntryPoints'

[4.877s] Level 1:colcon.colcon_core.package_discovery:discover_packages(prefix_path) check parameters
[4.877s] Level 1:colcon.colcon_core.package_discovery:discover_packages(prefix_path) discover
[5.022s] DEBUG:colcon.colcon_installed_package_information.package_discovery:Found 291 installed packages in /opt/ros/foxy
[5.024s] Level 1:colcon.colcon_core.package_discovery:discover_packages(prefix_path) using defaults
[5.294s] Level 5:colcon.colcon_core.verb:set package 'go2_interfaces' build argument 'cmake_args' from command line to 'None'
[5.294s] Level 5:colcon.colcon_core.verb:set package 'go2_interfaces' build argument 'cmake_target' from command line to 'None'
[5.294s] Level 5:colcon.colcon_core.verb:set package 'go2_interfaces' build argument 'cmake_target_skip_unavailable' from command line to 'False'
[5.294s] Level 5:colcon.colcon_core.verb:set package 'go2_interfaces' build argument 'cmake_clean_cache' from command line to 'False'
[5.294s] Level 5:colcon.colcon_core.verb:set package 'go2_interfaces' build argument 'cmake_clean_first' from command line to 'False'
[5.294s] Level 5:colcon.colcon_core.verb:set package 'go2_interfaces' build argument 'cmake_force_configure' from command line to 'False'
[5.294s] Level 5:colcon.colcon_core.verb:set package 'go2_interfaces' build argument 'ament_cmake_args' from command line to 'None'
[5.294s] Level 5:colcon.colcon_core.verb:set package 'go2_interfaces' build argument 'catkin_cmake_args' from command line to 'None'
[5.294s] Level 5:colcon.colcon_core.verb:set package 'go2_interfaces' build argument 'catkin_skip_building_tests' from command line to 'False'
[5.294s] DEBUG:colcon.colcon_core.verb:Building package 'go2_interfaces' with the following arguments: {'ament_cmake_args': None, 'build_base': '/home/unitree/go/Go2Robot/ros_ws/build/go2_interfaces', 'catkin_cmake_args': None, 'catkin_skip_building_tests': False, 'cmake_args': None, 'cmake_clean_cache': False, 'cmake_clean_first': False, 'cmake_force_configure': False, 'cmake_target': None, 'cmake_target_skip_unavailable': False, 'install_base': '/home/unitree/go/Go2Robot/ros_ws/install/go2_interfaces', 'merge_install': False, 'path': '/home/unitree/go/Go2Robot/ros_ws/src/go2_interfaces', 'symlink_install': True, 'test_result_base': None}
[5.394s] INFO:colcon.colcon_core.executor:Executing jobs using 'parallel' executor
[5.467s] DEBUG:colcon.colcon_parallel_executor.executor.parallel:run_until_complete
[5.467s] INFO:colcon.colcon_cmake.task.cmake.build:Building CMake package in '/home/unitree/go/Go2Robot/ros_ws/src/go2_interfaces'
[5.542s] INFO:colcon.colcon_core.plugin_system:Skipping extension 'colcon_core.shell.bat': Not used on non-Windows systems
[5.543s] INFO:colcon.colcon_core.shell:Skip shell extension 'powershell' for command environment: Not usable outside of PowerShell
[5.543s] DEBUG:colcon.colcon_core.shell:Skip shell extension 'dsv' for command environment
[5.701s] DEBUG:colcon.colcon_core.event_handler.log_command:Invoking command in '/home/unitree/go/Go2Robot/ros_ws/build/go2_interfaces': /usr/bin/cmake /home/unitree/go/Go2Robot/ros_ws/src/go2_interfaces -DCMAKE_INSTALL_PREFIX=/home/unitree/go/Go2Robot/ros_ws/install/go2_interfaces
[7.679s] DEBUG:colcon.colcon_core.event_handler.log_command:Invoked command in '/home/unitree/go/Go2Robot/ros_ws/build/go2_interfaces' returned '1': /usr/bin/cmake /home/unitree/go/Go2Robot/ros_ws/src/go2_interfaces -DCMAKE_INSTALL_PREFIX=/home/unitree/go/Go2Robot/ros_ws/install/go2_interfaces
[7.681s] DEBUG:colcon.colcon_parallel_executor.executor.parallel:closing loop
[7.681s] DEBUG:colcon.colcon_parallel_executor.executor.parallel:loop closed
[7.682s] DEBUG:colcon.colcon_parallel_executor.executor.parallel:run_until_complete finished with '1'
[7.682s] DEBUG:colcon.colcon_core.event_reactor:joining thread
[7.784s] INFO:colcon.colcon_core.plugin_system:Skipping extension 'colcon_notification.desktop_notification.terminal_notifier': Not used on non-Darwin systems
[7.784s] INFO:colcon.colcon_core.plugin_system:Skipping extension 'colcon_notification.desktop_notification.win32': Not used on non-Windows systems
[7.784s] INFO:colcon.colcon_notification.desktop_notification:Sending desktop notification using 'notify2'
[7.806s] DEBUG:colcon.colcon_notification.desktop_notification.notify2:Failed to initialize notify2: org.freedesktop.DBus.Error.Spawn.ChildExited: Process org.freedesktop.Notifications exited with status 1
[7.806s] DEBUG:colcon.colcon_core.event_reactor:joined thread
[7.893s] INFO:colcon.colcon_core.shell:Creating prefix script '/home/unitree/go/Go2Robot/ros_ws/install/local_setup.ps1'
[7.894s] INFO:colcon.colcon_core.shell:Creating prefix util module '/home/unitree/go/Go2Robot/ros_ws/install/_local_setup_util_ps1.py'
[7.896s] INFO:colcon.colcon_core.shell:Creating prefix chain script '/home/unitree/go/Go2Robot/ros_ws/install/setup.ps1'
[7.970s] INFO:colcon.colcon_core.shell:Creating prefix script '/home/unitree/go/Go2Robot/ros_ws/install/local_setup.sh'
[7.971s] INFO:colcon.colcon_core.shell:Creating prefix util module '/home/unitree/go/Go2Robot/ros_ws/install/_local_setup_util_sh.py'
[7.972s] INFO:colcon.colcon_core.shell:Creating prefix chain script '/home/unitree/go/Go2Robot/ros_ws/install/setup.sh'
[8.045s] INFO:colcon.colcon_core.shell:Creating prefix script '/home/unitree/go/Go2Robot/ros_ws/install/local_setup.bash'
[8.046s] INFO:colcon.colcon_core.shell:Creating prefix chain script '/home/unitree/go/Go2Robot/ros_ws/install/setup.bash'
[8.118s] INFO:colcon.colcon_core.shell:Creating prefix script '/home/unitree/go/Go2Robot/ros_ws/install/local_setup.zsh'
[8.119s] INFO:colcon.colcon_core.shell:Creating prefix chain script '/home/unitree/go/Go2Robot/ros_ws/install/setup.zsh'
