running develop
running egg_info
creating go2_nav_bringup.egg-info
writing go2_nav_bringup.egg-info/PKG-INFO
writing dependency_links to go2_nav_bringup.egg-info/dependency_links.txt
writing requirements to go2_nav_bringup.egg-info/requires.txt
writing top-level names to go2_nav_bringup.egg-info/top_level.txt
writing manifest file 'go2_nav_bringup.egg-info/SOURCES.txt'
reading manifest file 'go2_nav_bringup.egg-info/SOURCES.txt'
writing manifest file 'go2_nav_bringup.egg-info/SOURCES.txt'
running build_ext
Creating /home/unitree/go/Go2Robot/ros_ws/install/go2_nav_bringup/lib/python3.8/site-packages/site.py
Creating /home/unitree/go/Go2Robot/ros_ws/install/go2_nav_bringup/lib/python3.8/site-packages/go2-nav-bringup.egg-link (link to .)

Installed /home/unitree/go/Go2Robot/ros_ws/build/go2_nav_bringup
running install_data
creating /home/unitree/go/Go2Robot/ros_ws/install/go2_nav_bringup/share/ament_index
creating /home/unitree/go/Go2Robot/ros_ws/install/go2_nav_bringup/share/ament_index/resource_index
creating /home/unitree/go/Go2Robot/ros_ws/install/go2_nav_bringup/share/ament_index/resource_index/packages
copying resource/go2_nav_bringup -> /home/unitree/go/Go2Robot/ros_ws/install/go2_nav_bringup/share/ament_index/resource_index/packages
copying package.xml -> /home/unitree/go/Go2Robot/ros_ws/install/go2_nav_bringup/share/go2_nav_bringup
creating /home/unitree/go/Go2Robot/ros_ws/install/go2_nav_bringup/share/go2_nav_bringup/launch
copying launch/navigation.launch.py -> /home/unitree/go/Go2Robot/ros_ws/install/go2_nav_bringup/share/go2_nav_bringup/launch
copying launch/mapping.launch.py -> /home/unitree/go/Go2Robot/ros_ws/install/go2_nav_bringup/share/go2_nav_bringup/launch
creating /home/unitree/go/Go2Robot/ros_ws/install/go2_nav_bringup/share/go2_nav_bringup/params
copying params/nav2_params.yaml -> /home/unitree/go/Go2Robot/ros_ws/install/go2_nav_bringup/share/go2_nav_bringup/params
creating /home/unitree/go/Go2Robot/ros_ws/install/go2_nav_bringup/share/go2_nav_bringup/rviz
copying rviz/go2_nav.rviz -> /home/unitree/go/Go2Robot/ros_ws/install/go2_nav_bringup/share/go2_nav_bringup/rviz
creating /home/unitree/go/Go2Robot/ros_ws/install/go2_nav_bringup/share/go2_nav_bringup/maps
