[0.428s] Invoking command in '/home/unitree/go/Go2Robot/ros_ws/build/go2_interfaces': /usr/bin/cmake /home/unitree/go/Go2Robot/ros_ws/src/go2_interfaces -DCATKIN_INSTALL_INTO_PREFIX_ROOT=0 -DCATKIN_SYMLINK_INSTALL=ON -DCMAKE_INSTALL_PREFIX=/home/unitree/go/Go2Robot/ros_ws/install/go2_interfaces
[0.462s] -- Found ament_cmake: 0.9.12 (/opt/ros/foxy/share/ament_cmake/cmake)
[0.499s] -- Found PythonInterp: /usr/bin/python3 (found suitable version "3.8.10", minimum required is "3") 
[0.499s] -- Using PYTHON_EXECUTABLE: /usr/bin/python3
[0.835s] -- Found rosidl_default_generators: 1.0.1 (/opt/ros/foxy/share/rosidl_default_generators/cmake)
[0.837s] -- Using all available rosidl_typesupport_c: rosidl_typesupport_fastrtps_c;rosidl_typesupport_introspection_c
[0.843s] -- Found rosidl_adapter: 1.3.1 (/opt/ros/foxy/share/rosidl_adapter/cmake)
[1.079s] -- Using all available rosidl_typesupport_cpp: rosidl_typesupport_fastrtps_cpp;rosidl_typesupport_introspection_cpp
[1.154s] -- Found PythonInterp: /usr/bin/python3 (found version "3.8.10") 
[1.396s] -- Found ament_cmake_ros: 0.9.2 (/opt/ros/foxy/share/ament_cmake_ros/cmake)
[1.582s] -- Using all available rosidl_typesupport_c: rosidl_typesupport_fastrtps_c;rosidl_typesupport_introspection_c
[1.596s] -- Using all available rosidl_typesupport_cpp: rosidl_typesupport_fastrtps_cpp;rosidl_typesupport_introspection_cpp
[1.636s] -- Found PythonInterp: /usr/bin/python3 (found suitable version "3.8.10", minimum required is "3.5") 
[1.639s] -- Found python_cmake_module: 0.8.1 (/opt/ros/foxy/share/python_cmake_module/cmake)
[1.688s] -- Found PythonLibs: /usr/lib/aarch64-linux-gnu/libpython3.8.so (found suitable version "3.8.10", minimum required is "3.5") 
[1.689s] -- Using PYTHON_EXECUTABLE: /usr/bin/python3
[1.689s] -- Using PYTHON_INCLUDE_DIRS: /usr/include/python3.8
[1.689s] -- Using PYTHON_LIBRARIES: /usr/lib/aarch64-linux-gnu/libpython3.8.so
[1.726s] -- Found PythonExtra: .so  
[1.820s] -- Configuring done
[1.874s] -- Generating done
[1.878s] CMake Warning:
[1.878s]   Manually-specified variables were not used by the project:
[1.878s] 
[1.878s]     CATKIN_INSTALL_INTO_PREFIX_ROOT
[1.878s]     CATKIN_SYMLINK_INSTALL
[1.878s] 
[1.878s] 
[1.879s] -- Build files have been written to: /home/unitree/go/Go2Robot/ros_ws/build/go2_interfaces
