running develop
running egg_info
creating go2_mission.egg-info
writing go2_mission.egg-info/PKG-INFO
writing dependency_links to go2_mission.egg-info/dependency_links.txt
writing entry points to go2_mission.egg-info/entry_points.txt
writing requirements to go2_mission.egg-info/requires.txt
writing top-level names to go2_mission.egg-info/top_level.txt
writing manifest file 'go2_mission.egg-info/SOURCES.txt'
reading manifest file 'go2_mission.egg-info/SOURCES.txt'
writing manifest file 'go2_mission.egg-info/SOURCES.txt'
running build_ext
Creating /home/unitree/go/Go2Robot/ros_ws/install/go2_mission/lib/python3.8/site-packages/site.py
Creating /home/unitree/go/Go2Robot/ros_ws/install/go2_mission/lib/python3.8/site-packages/go2-mission.egg-link (link to .)
Installing mission_api_node script to /home/unitree/go/Go2Robot/ros_ws/install/go2_mission/lib/go2_mission
Installing mission_executor script to /home/unitree/go/Go2Robot/ros_ws/install/go2_mission/lib/go2_mission

Installed /home/unitree/go/Go2Robot/ros_ws/build/go2_mission
running install_data
creating /home/unitree/go/Go2Robot/ros_ws/install/go2_mission/share/ament_index
creating /home/unitree/go/Go2Robot/ros_ws/install/go2_mission/share/ament_index/resource_index
creating /home/unitree/go/Go2Robot/ros_ws/install/go2_mission/share/ament_index/resource_index/packages
copying resource/go2_mission -> /home/unitree/go/Go2Robot/ros_ws/install/go2_mission/share/ament_index/resource_index/packages
copying package.xml -> /home/unitree/go/Go2Robot/ros_ws/install/go2_mission/share/go2_mission
