[3.943s] DEBUG:colcon:Command line arguments: ['/usr/bin/colcon', 'build', '--symlink-install', '--packages-select', 'go2_nav_bringup']
[3.944s] DEBUG:colcon:Parsed command line arguments: Namespace(allow_overriding=[], ament_cmake_args=None, base_paths=['.'], build_base='build', catkin_cmake_args=None, catkin_skip_building_tests=False, cmake_args=None, cmake_clean_cache=False, cmake_clean_first=False, cmake_force_configure=False, cmake_target=None, cmake_target_skip_unavailable=False, continue_on_error=False, event_handlers=None, executor='parallel', ignore_user_meta=False, install_base='install', log_base=None, log_level=None, main=<bound method BuildVerb.main of <colcon_core.verb.build.BuildVerb object at 0xffff80141e50>>, merge_install=False, metas=['./colcon.meta'], packages_above=None, packages_above_and_dependencies=None, packages_above_depth=None, packages_end=None, packages_ignore=None, packages_ignore_regex=None, packages_select=['go2_nav_bringup'], packages_select_build_failed=False, packages_select_by_dep=None, packages_select_regex=None, packages_select_test_failures=False, packages_skip=None, packages_skip_build_finished=False, packages_skip_by_dep=None, packages_skip_regex=None, packages_skip_test_passed=False, packages_skip_up_to=None, packages_start=None, packages_up_to=None, packages_up_to_regex=None, parallel_workers=4, paths=None, symlink_install=True, test_result_base=None, verb_extension=<colcon_core.verb.build.BuildVerb object at 0xffff80141e50>, verb_name='build', verb_parser=<colcon_defaults.argument_parser.defaults.DefaultArgumentsDecorator object at 0xffff7fdb2520>)
[4.115s] Level 1:colcon.colcon_core.package_discovery:discover_packages(colcon_meta) check parameters
[4.115s] Level 1:colcon.colcon_core.package_discovery:discover_packages(recursive) check parameters
[4.115s] Level 1:colcon.colcon_core.package_discovery:discover_packages(ignore) check parameters
[4.115s] Level 1:colcon.colcon_core.package_discovery:discover_packages(path) check parameters
[4.115s] Level 1:colcon.colcon_core.package_discovery:discover_packages(colcon_meta) discover
[4.116s] Level 1:colcon.colcon_core.package_discovery:discover_packages(recursive) discover
[4.116s] INFO:colcon.colcon_core.package_discovery:Crawling recursively for packages in '/home/unitree/go/Go2Robot/ros_ws'
[4.116s] Level 1:colcon.colcon_core.package_identification:_identify(.) by extensions ['ignore', 'ignore_ament_install']
[4.116s] Level 1:colcon.colcon_core.package_identification:_identify(.) by extension 'ignore'
[4.116s] Level 1:colcon.colcon_core.package_identification:_identify(.) by extension 'ignore_ament_install'
[4.116s] Level 1:colcon.colcon_core.package_identification:_identify(.) by extensions ['colcon_pkg']
[4.116s] Level 1:colcon.colcon_core.package_identification:_identify(.) by extension 'colcon_pkg'
[4.116s] Level 1:colcon.colcon_core.package_identification:_identify(.) by extensions ['colcon_meta']
[4.117s] Level 1:colcon.colcon_core.package_identification:_identify(.) by extension 'colcon_meta'
[4.117s] Level 1:colcon.colcon_core.package_identification:_identify(.) by extensions ['ros']
[4.117s] Level 1:colcon.colcon_core.package_identification:_identify(.) by extension 'ros'
[4.137s] Level 1:colcon.colcon_core.package_identification:_identify(.) by extensions ['cmake', 'python']
[4.137s] Level 1:colcon.colcon_core.package_identification:_identify(.) by extension 'cmake'
[4.137s] Level 1:colcon.colcon_core.package_identification:_identify(.) by extension 'python'
[4.137s] Level 1:colcon.colcon_core.package_identification:_identify(.) by extensions ['python_setup_py']
[4.138s] Level 1:colcon.colcon_core.package_identification:_identify(.) by extension 'python_setup_py'
[4.138s] Level 1:colcon.colcon_core.package_identification:_identify(build) by extensions ['ignore', 'ignore_ament_install']
[4.138s] Level 1:colcon.colcon_core.package_identification:_identify(build) by extension 'ignore'
[4.138s] Level 1:colcon.colcon_core.package_identification:_identify(build) ignored
[4.138s] Level 1:colcon.colcon_core.package_identification:_identify(install) by extensions ['ignore', 'ignore_ament_install']
[4.139s] Level 1:colcon.colcon_core.package_identification:_identify(install) by extension 'ignore'
[4.139s] Level 1:colcon.colcon_core.package_identification:_identify(install) ignored
[4.139s] Level 1:colcon.colcon_core.package_identification:_identify(log) by extensions ['ignore', 'ignore_ament_install']
[4.139s] Level 1:colcon.colcon_core.package_identification:_identify(log) by extension 'ignore'
[4.139s] Level 1:colcon.colcon_core.package_identification:_identify(log) ignored
[4.139s] Level 1:colcon.colcon_core.package_identification:_identify(src) by extensions ['ignore', 'ignore_ament_install']
[4.139s] Level 1:colcon.colcon_core.package_identification:_identify(src) by extension 'ignore'
[4.140s] Level 1:colcon.colcon_core.package_identification:_identify(src) by extension 'ignore_ament_install'
[4.140s] Level 1:colcon.colcon_core.package_identification:_identify(src) by extensions ['colcon_pkg']
[4.140s] Level 1:colcon.colcon_core.package_identification:_identify(src) by extension 'colcon_pkg'
[4.140s] Level 1:colcon.colcon_core.package_identification:_identify(src) by extensions ['colcon_meta']
[4.140s] Level 1:colcon.colcon_core.package_identification:_identify(src) by extension 'colcon_meta'
[4.140s] Level 1:colcon.colcon_core.package_identification:_identify(src) by extensions ['ros']
[4.140s] Level 1:colcon.colcon_core.package_identification:_identify(src) by extension 'ros'
[4.140s] Level 1:colcon.colcon_core.package_identification:_identify(src) by extensions ['cmake', 'python']
[4.140s] Level 1:colcon.colcon_core.package_identification:_identify(src) by extension 'cmake'
[4.140s] Level 1:colcon.colcon_core.package_identification:_identify(src) by extension 'python'
[4.140s] Level 1:colcon.colcon_core.package_identification:_identify(src) by extensions ['python_setup_py']
[4.140s] Level 1:colcon.colcon_core.package_identification:_identify(src) by extension 'python_setup_py'
[4.141s] Level 1:colcon.colcon_core.package_identification:_identify(src/go2_bridge) by extensions ['ignore', 'ignore_ament_install']
[4.141s] Level 1:colcon.colcon_core.package_identification:_identify(src/go2_bridge) by extension 'ignore'
[4.141s] Level 1:colcon.colcon_core.package_identification:_identify(src/go2_bridge) by extension 'ignore_ament_install'
[4.141s] Level 1:colcon.colcon_core.package_identification:_identify(src/go2_bridge) by extensions ['colcon_pkg']
[4.141s] Level 1:colcon.colcon_core.package_identification:_identify(src/go2_bridge) by extension 'colcon_pkg'
[4.141s] Level 1:colcon.colcon_core.package_identification:_identify(src/go2_bridge) by extensions ['colcon_meta']
[4.141s] Level 1:colcon.colcon_core.package_identification:_identify(src/go2_bridge) by extension 'colcon_meta'
[4.141s] Level 1:colcon.colcon_core.package_identification:_identify(src/go2_bridge) by extensions ['ros']
[4.141s] Level 1:colcon.colcon_core.package_identification:_identify(src/go2_bridge) by extension 'ros'
[4.145s] DEBUG:colcon.colcon_core.package_identification:Package 'src/go2_bridge' with type 'ros.ament_python' and name 'go2_bridge'
[4.146s] Level 1:colcon.colcon_core.package_identification:_identify(src/go2_interfaces) by extensions ['ignore', 'ignore_ament_install']
[4.146s] Level 1:colcon.colcon_core.package_identification:_identify(src/go2_interfaces) by extension 'ignore'
[4.146s] Level 1:colcon.colcon_core.package_identification:_identify(src/go2_interfaces) by extension 'ignore_ament_install'
[4.146s] Level 1:colcon.colcon_core.package_identification:_identify(src/go2_interfaces) by extensions ['colcon_pkg']
[4.147s] Level 1:colcon.colcon_core.package_identification:_identify(src/go2_interfaces) by extension 'colcon_pkg'
[4.147s] Level 1:colcon.colcon_core.package_identification:_identify(src/go2_interfaces) by extensions ['colcon_meta']
[4.147s] Level 1:colcon.colcon_core.package_identification:_identify(src/go2_interfaces) by extension 'colcon_meta'
[4.147s] Level 1:colcon.colcon_core.package_identification:_identify(src/go2_interfaces) by extensions ['ros']
[4.147s] Level 1:colcon.colcon_core.package_identification:_identify(src/go2_interfaces) by extension 'ros'
[4.148s] DEBUG:colcon.colcon_core.package_identification:Package 'src/go2_interfaces' with type 'ros.catkin' and name 'go2_interfaces'
[4.148s] Level 1:colcon.colcon_core.package_identification:_identify(src/go2_mission) by extensions ['ignore', 'ignore_ament_install']
[4.148s] Level 1:colcon.colcon_core.package_identification:_identify(src/go2_mission) by extension 'ignore'
[4.148s] Level 1:colcon.colcon_core.package_identification:_identify(src/go2_mission) by extension 'ignore_ament_install'
[4.148s] Level 1:colcon.colcon_core.package_identification:_identify(src/go2_mission) by extensions ['colcon_pkg']
[4.148s] Level 1:colcon.colcon_core.package_identification:_identify(src/go2_mission) by extension 'colcon_pkg'
[4.148s] Level 1:colcon.colcon_core.package_identification:_identify(src/go2_mission) by extensions ['colcon_meta']
[4.148s] Level 1:colcon.colcon_core.package_identification:_identify(src/go2_mission) by extension 'colcon_meta'
[4.149s] Level 1:colcon.colcon_core.package_identification:_identify(src/go2_mission) by extensions ['ros']
[4.149s] Level 1:colcon.colcon_core.package_identification:_identify(src/go2_mission) by extension 'ros'
[4.149s] DEBUG:colcon.colcon_core.package_identification:Package 'src/go2_mission' with type 'ros.ament_python' and name 'go2_mission'
[4.149s] Level 1:colcon.colcon_core.package_identification:_identify(src/go2_nav_bringup) by extensions ['ignore', 'ignore_ament_install']
[4.150s] Level 1:colcon.colcon_core.package_identification:_identify(src/go2_nav_bringup) by extension 'ignore'
[4.150s] Level 1:colcon.colcon_core.package_identification:_identify(src/go2_nav_bringup) by extension 'ignore_ament_install'
[4.150s] Level 1:colcon.colcon_core.package_identification:_identify(src/go2_nav_bringup) by extensions ['colcon_pkg']
[4.150s] Level 1:colcon.colcon_core.package_identification:_identify(src/go2_nav_bringup) by extension 'colcon_pkg'
[4.150s] Level 1:colcon.colcon_core.package_identification:_identify(src/go2_nav_bringup) by extensions ['colcon_meta']
[4.150s] Level 1:colcon.colcon_core.package_identification:_identify(src/go2_nav_bringup) by extension 'colcon_meta'
[4.150s] Level 1:colcon.colcon_core.package_identification:_identify(src/go2_nav_bringup) by extensions ['ros']
[4.150s] Level 1:colcon.colcon_core.package_identification:_identify(src/go2_nav_bringup) by extension 'ros'
[4.151s] DEBUG:colcon.colcon_core.package_identification:Package 'src/go2_nav_bringup' with type 'ros.ament_python' and name 'go2_nav_bringup'
[4.151s] Level 1:colcon.colcon_core.package_discovery:discover_packages(recursive) using defaults
[4.151s] Level 1:colcon.colcon_core.package_discovery:discover_packages(ignore) discover
[4.151s] Level 1:colcon.colcon_core.package_discovery:discover_packages(ignore) using defaults
[4.151s] Level 1:colcon.colcon_core.package_discovery:discover_packages(path) discover
[4.151s] Level 1:colcon.colcon_core.package_discovery:discover_packages(path) using defaults
[4.405s] INFO:colcon.colcon_core.package_selection:Skipping not selected package 'go2_interfaces' in 'src/go2_interfaces'
[4.405s] INFO:colcon.colcon_core.package_selection:Skipping not selected package 'go2_bridge' in 'src/go2_bridge'
[4.405s] INFO:colcon.colcon_core.package_selection:Skipping not selected package 'go2_mission' in 'src/go2_mission'
[4.534s] Level 1:colcon.colcon_core.package_discovery:discover_packages(prefix_path) check parameters
[4.535s] Level 1:colcon.colcon_core.package_discovery:discover_packages(prefix_path) discover
[4.669s] DEBUG:colcon.colcon_installed_package_information.package_discovery:Found 291 installed packages in /opt/ros/foxy
[4.671s] Level 1:colcon.colcon_core.package_discovery:discover_packages(prefix_path) using defaults
[4.930s] Level 5:colcon.colcon_core.verb:set package 'go2_nav_bringup' build argument 'cmake_args' from command line to 'None'
[4.931s] Level 5:colcon.colcon_core.verb:set package 'go2_nav_bringup' build argument 'cmake_target' from command line to 'None'
[4.931s] Level 5:colcon.colcon_core.verb:set package 'go2_nav_bringup' build argument 'cmake_target_skip_unavailable' from command line to 'False'
[4.931s] Level 5:colcon.colcon_core.verb:set package 'go2_nav_bringup' build argument 'cmake_clean_cache' from command line to 'False'
[4.931s] Level 5:colcon.colcon_core.verb:set package 'go2_nav_bringup' build argument 'cmake_clean_first' from command line to 'False'
[4.931s] Level 5:colcon.colcon_core.verb:set package 'go2_nav_bringup' build argument 'cmake_force_configure' from command line to 'False'
[4.931s] Level 5:colcon.colcon_core.verb:set package 'go2_nav_bringup' build argument 'ament_cmake_args' from command line to 'None'
[4.931s] Level 5:colcon.colcon_core.verb:set package 'go2_nav_bringup' build argument 'catkin_cmake_args' from command line to 'None'
[4.931s] Level 5:colcon.colcon_core.verb:set package 'go2_nav_bringup' build argument 'catkin_skip_building_tests' from command line to 'False'
[4.931s] DEBUG:colcon.colcon_core.verb:Building package 'go2_nav_bringup' with the following arguments: {'ament_cmake_args': None, 'build_base': '/home/unitree/go/Go2Robot/ros_ws/build/go2_nav_bringup', 'catkin_cmake_args': None, 'catkin_skip_building_tests': False, 'cmake_args': None, 'cmake_clean_cache': False, 'cmake_clean_first': False, 'cmake_force_configure': False, 'cmake_target': None, 'cmake_target_skip_unavailable': False, 'install_base': '/home/unitree/go/Go2Robot/ros_ws/install/go2_nav_bringup', 'merge_install': False, 'path': '/home/unitree/go/Go2Robot/ros_ws/src/go2_nav_bringup', 'symlink_install': True, 'test_result_base': None}
[4.996s] INFO:colcon.colcon_core.executor:Executing jobs using 'parallel' executor
[5.063s] DEBUG:colcon.colcon_parallel_executor.executor.parallel:run_until_complete
[5.063s] INFO:colcon.colcon_ros.task.ament_python.build:Building ROS package in '/home/unitree/go/Go2Robot/ros_ws/src/go2_nav_bringup' with build type 'ament_python'
[5.064s] Level 1:colcon.colcon_core.shell:create_environment_hook('go2_nav_bringup', 'ament_prefix_path')
[5.134s] INFO:colcon.colcon_core.plugin_system:Skipping extension 'colcon_core.shell.bat': Not used on non-Windows systems
[5.134s] INFO:colcon.colcon_core.shell:Creating environment hook '/home/unitree/go/Go2Robot/ros_ws/install/go2_nav_bringup/share/go2_nav_bringup/hook/ament_prefix_path.ps1'
[5.135s] INFO:colcon.colcon_core.shell:Creating environment descriptor '/home/unitree/go/Go2Robot/ros_ws/install/go2_nav_bringup/share/go2_nav_bringup/hook/ament_prefix_path.dsv'
[5.136s] INFO:colcon.colcon_core.shell:Creating environment hook '/home/unitree/go/Go2Robot/ros_ws/install/go2_nav_bringup/share/go2_nav_bringup/hook/ament_prefix_path.sh'
[5.237s] INFO:colcon.colcon_core.shell:Skip shell extension 'powershell' for command environment: Not usable outside of PowerShell
[5.237s] DEBUG:colcon.colcon_core.shell:Skip shell extension 'dsv' for command environment
[5.788s] INFO:colcon.colcon_core.task.python.build:Building Python package in '/home/unitree/go/Go2Robot/ros_ws/src/go2_nav_bringup'
[5.857s] INFO:colcon.colcon_core.shell:Skip shell extension 'powershell' for command environment: Not usable outside of PowerShell
[5.857s] DEBUG:colcon.colcon_core.shell:Skip shell extension 'dsv' for command environment
[6.766s] DEBUG:colcon.colcon_core.event_handler.log_command:Invoking command in '/home/unitree/go/Go2Robot/ros_ws/build/go2_nav_bringup': PYTHONPATH=/home/unitree/go/Go2Robot/ros_ws/build/go2_nav_bringup/prefix_override:/home/unitree/go/Go2Robot/ros_ws/install/go2_nav_bringup/lib/python3.8/site-packages:${PYTHONPATH} /usr/bin/python3 setup.py develop --editable --build-directory /home/unitree/go/Go2Robot/ros_ws/build/go2_nav_bringup/build --no-deps install_data
[7.618s] Level 1:colcon.colcon_core.shell:create_environment_hook('go2_nav_bringup', 'pythonpath_develop')
[7.620s] DEBUG:colcon.colcon_core.event_handler.log_command:Invoked command in '/home/unitree/go/Go2Robot/ros_ws/build/go2_nav_bringup' returned '0': PYTHONPATH=/home/unitree/go/Go2Robot/ros_ws/build/go2_nav_bringup/prefix_override:/home/unitree/go/Go2Robot/ros_ws/install/go2_nav_bringup/lib/python3.8/site-packages:${PYTHONPATH} /usr/bin/python3 setup.py develop --editable --build-directory /home/unitree/go/Go2Robot/ros_ws/build/go2_nav_bringup/build --no-deps install_data
[7.710s] INFO:colcon.colcon_core.shell:Creating environment hook '/home/unitree/go/Go2Robot/ros_ws/build/go2_nav_bringup/share/go2_nav_bringup/hook/pythonpath_develop.ps1'
[7.711s] INFO:colcon.colcon_core.shell:Creating environment descriptor '/home/unitree/go/Go2Robot/ros_ws/build/go2_nav_bringup/share/go2_nav_bringup/hook/pythonpath_develop.dsv'
[7.712s] INFO:colcon.colcon_core.shell:Creating environment hook '/home/unitree/go/Go2Robot/ros_ws/build/go2_nav_bringup/share/go2_nav_bringup/hook/pythonpath_develop.sh'
[7.784s] Level 1:colcon.colcon_core.environment:checking '/home/unitree/go/Go2Robot/ros_ws/install/go2_nav_bringup' for CMake module files
[7.785s] Level 1:colcon.colcon_core.environment:checking '/home/unitree/go/Go2Robot/ros_ws/install/go2_nav_bringup' for CMake config files
[7.786s] Level 1:colcon.colcon_core.environment:checking '/home/unitree/go/Go2Robot/ros_ws/install/go2_nav_bringup/lib'
[7.786s] Level 1:colcon.colcon_core.environment:checking '/home/unitree/go/Go2Robot/ros_ws/install/go2_nav_bringup/bin'
[7.786s] Level 1:colcon.colcon_core.environment:checking '/home/unitree/go/Go2Robot/ros_ws/install/go2_nav_bringup/lib/pkgconfig/go2_nav_bringup.pc'
[7.787s] Level 1:colcon.colcon_core.environment:checking '/home/unitree/go/Go2Robot/ros_ws/install/go2_nav_bringup/lib/python3.8/site-packages'
[7.787s] Level 1:colcon.colcon_core.shell:create_environment_hook('go2_nav_bringup', 'pythonpath')
[7.854s] INFO:colcon.colcon_core.shell:Creating environment hook '/home/unitree/go/Go2Robot/ros_ws/install/go2_nav_bringup/share/go2_nav_bringup/hook/pythonpath.ps1'
[7.855s] INFO:colcon.colcon_core.shell:Creating environment descriptor '/home/unitree/go/Go2Robot/ros_ws/install/go2_nav_bringup/share/go2_nav_bringup/hook/pythonpath.dsv'
[7.855s] INFO:colcon.colcon_core.shell:Creating environment hook '/home/unitree/go/Go2Robot/ros_ws/install/go2_nav_bringup/share/go2_nav_bringup/hook/pythonpath.sh'
[7.856s] Level 1:colcon.colcon_core.environment:checking '/home/unitree/go/Go2Robot/ros_ws/install/go2_nav_bringup/bin'
[7.856s] Level 1:colcon.colcon_core.environment:create_environment_scripts_only(go2_nav_bringup)
[7.924s] INFO:colcon.colcon_core.shell:Creating package script '/home/unitree/go/Go2Robot/ros_ws/install/go2_nav_bringup/share/go2_nav_bringup/package.ps1'
[7.925s] INFO:colcon.colcon_core.shell:Creating package descriptor '/home/unitree/go/Go2Robot/ros_ws/install/go2_nav_bringup/share/go2_nav_bringup/package.dsv'
[7.926s] INFO:colcon.colcon_core.shell:Creating package script '/home/unitree/go/Go2Robot/ros_ws/install/go2_nav_bringup/share/go2_nav_bringup/package.sh'
[7.927s] INFO:colcon.colcon_core.shell:Creating package script '/home/unitree/go/Go2Robot/ros_ws/install/go2_nav_bringup/share/go2_nav_bringup/package.bash'
[7.928s] INFO:colcon.colcon_core.shell:Creating package script '/home/unitree/go/Go2Robot/ros_ws/install/go2_nav_bringup/share/go2_nav_bringup/package.zsh'
[7.929s] Level 1:colcon.colcon_core.environment:create_file_with_runtime_dependencies(/home/unitree/go/Go2Robot/ros_ws/install/go2_nav_bringup/share/colcon-core/packages/go2_nav_bringup)
[7.930s] DEBUG:colcon.colcon_parallel_executor.executor.parallel:closing loop
[7.931s] DEBUG:colcon.colcon_parallel_executor.executor.parallel:loop closed
[7.931s] DEBUG:colcon.colcon_parallel_executor.executor.parallel:run_until_complete finished with '0'
[7.931s] DEBUG:colcon.colcon_core.event_reactor:joining thread
[8.007s] INFO:colcon.colcon_core.plugin_system:Skipping extension 'colcon_notification.desktop_notification.terminal_notifier': Not used on non-Darwin systems
[8.008s] INFO:colcon.colcon_core.plugin_system:Skipping extension 'colcon_notification.desktop_notification.win32': Not used on non-Windows systems
[8.008s] INFO:colcon.colcon_notification.desktop_notification:Sending desktop notification using 'notify2'
[8.029s] DEBUG:colcon.colcon_notification.desktop_notification.notify2:Failed to initialize notify2: org.freedesktop.DBus.Error.Spawn.ChildExited: Process org.freedesktop.Notifications exited with status 1
[8.030s] DEBUG:colcon.colcon_core.event_reactor:joined thread
[8.097s] INFO:colcon.colcon_core.shell:Creating prefix script '/home/unitree/go/Go2Robot/ros_ws/install/local_setup.ps1'
[8.099s] INFO:colcon.colcon_core.shell:Creating prefix util module '/home/unitree/go/Go2Robot/ros_ws/install/_local_setup_util_ps1.py'
[8.101s] INFO:colcon.colcon_core.shell:Creating prefix chain script '/home/unitree/go/Go2Robot/ros_ws/install/setup.ps1'
[8.170s] INFO:colcon.colcon_core.shell:Creating prefix script '/home/unitree/go/Go2Robot/ros_ws/install/local_setup.sh'
[8.171s] INFO:colcon.colcon_core.shell:Creating prefix util module '/home/unitree/go/Go2Robot/ros_ws/install/_local_setup_util_sh.py'
[8.171s] INFO:colcon.colcon_core.shell:Creating prefix chain script '/home/unitree/go/Go2Robot/ros_ws/install/setup.sh'
[8.240s] INFO:colcon.colcon_core.shell:Creating prefix script '/home/unitree/go/Go2Robot/ros_ws/install/local_setup.bash'
[8.241s] INFO:colcon.colcon_core.shell:Creating prefix chain script '/home/unitree/go/Go2Robot/ros_ws/install/setup.bash'
[8.308s] INFO:colcon.colcon_core.shell:Creating prefix script '/home/unitree/go/Go2Robot/ros_ws/install/local_setup.zsh'
[8.309s] INFO:colcon.colcon_core.shell:Creating prefix chain script '/home/unitree/go/Go2Robot/ros_ws/install/setup.zsh'
