running develop
running egg_info
creating go2_bridge.egg-info
writing go2_bridge.egg-info/PKG-INFO
writing dependency_links to go2_bridge.egg-info/dependency_links.txt
writing entry points to go2_bridge.egg-info/entry_points.txt
writing requirements to go2_bridge.egg-info/requires.txt
writing top-level names to go2_bridge.egg-info/top_level.txt
writing manifest file 'go2_bridge.egg-info/SOURCES.txt'
reading manifest file 'go2_bridge.egg-info/SOURCES.txt'
writing manifest file 'go2_bridge.egg-info/SOURCES.txt'
running build_ext
Creating /home/unitree/go/Go2Robot/ros_ws/install/go2_bridge/lib/python3.8/site-packages/site.py
Creating /home/unitree/go/Go2Robot/ros_ws/install/go2_bridge/lib/python3.8/site-packages/go2-bridge.egg-link (link to .)
Installing base_bridge script to /home/unitree/go/Go2Robot/ros_ws/install/go2_bridge/lib/go2_bridge
Installing camera_bridge script to /home/unitree/go/Go2Robot/ros_ws/install/go2_bridge/lib/go2_bridge
Installing lidar_bridge script to /home/unitree/go/Go2Robot/ros_ws/install/go2_bridge/lib/go2_bridge

Installed /home/unitree/go/Go2Robot/ros_ws/build/go2_bridge
running install_data
creating /home/unitree/go/Go2Robot/ros_ws/install/go2_bridge/share/ament_index
creating /home/unitree/go/Go2Robot/ros_ws/install/go2_bridge/share/ament_index/resource_index
creating /home/unitree/go/Go2Robot/ros_ws/install/go2_bridge/share/ament_index/resource_index/packages
copying resource/go2_bridge -> /home/unitree/go/Go2Robot/ros_ws/install/go2_bridge/share/ament_index/resource_index/packages
copying package.xml -> /home/unitree/go/Go2Robot/ros_ws/install/go2_bridge/share/go2_bridge
