[2.685s] Invoking command in '/home/unitree/go/Go2Robot/ros_ws/build/go2_bridge': CMAKE_PREFIX_PATH=/home/unitree/go/Go2Robot/ros_ws/install/go2_interfaces LD_LIBRARY_PATH=/home/unitree/go/Go2Robot/ros_ws/install/go2_interfaces/lib:${LD_LIBRARY_PATH} PKG_CONFIG_PATH=/home/unitree/go/Go2Robot/ros_ws/install/go2_interfaces/lib/aarch64-linux-gnu/pkgconfig:/home/unitree/go/Go2Robot/ros_ws/install/go2_interfaces/lib/pkgconfig:${PKG_CONFIG_PATH} PYTHONPATH=/home/unitree/go/Go2Robot/ros_ws/build/go2_bridge/prefix_override:/home/unitree/go/Go2Robot/ros_ws/install/go2_bridge/lib/python3.8/site-packages:/home/unitree/go/Go2Robot/ros_ws/install/go2_interfaces/lib/python3.8/site-packages:${PYTHONPATH} ROS_PACKAGE_PATH=/home/unitree/go/Go2Robot/ros_ws/install/go2_interfaces/share /usr/bin/python3 setup.py develop --editable --build-directory /home/unitree/go/Go2Robot/ros_ws/build/go2_bridge/build --no-deps install_data
[3.111s] running develop
[3.366s] running egg_info
[3.367s] creating go2_bridge.egg-info
[3.367s] writing go2_bridge.egg-info/PKG-INFO
[3.370s] writing dependency_links to go2_bridge.egg-info/dependency_links.txt
[3.370s] writing entry points to go2_bridge.egg-info/entry_points.txt
[3.371s] writing requirements to go2_bridge.egg-info/requires.txt
[3.371s] writing top-level names to go2_bridge.egg-info/top_level.txt
[3.374s] writing manifest file 'go2_bridge.egg-info/SOURCES.txt'
[3.428s] reading manifest file 'go2_bridge.egg-info/SOURCES.txt'
[3.429s] writing manifest file 'go2_bridge.egg-info/SOURCES.txt'
[3.493s] running build_ext
[3.494s] Creating /home/unitree/go/Go2Robot/ros_ws/install/go2_bridge/lib/python3.8/site-packages/site.py
[3.497s] Creating /home/unitree/go/Go2Robot/ros_ws/install/go2_bridge/lib/python3.8/site-packages/go2-bridge.egg-link (link to .)
[3.499s] Installing base_bridge script to /home/unitree/go/Go2Robot/ros_ws/install/go2_bridge/lib/go2_bridge
[3.499s] Installing camera_bridge script to /home/unitree/go/Go2Robot/ros_ws/install/go2_bridge/lib/go2_bridge
[3.500s] Installing lidar_bridge script to /home/unitree/go/Go2Robot/ros_ws/install/go2_bridge/lib/go2_bridge
[3.500s] 
[3.501s] Installed /home/unitree/go/Go2Robot/ros_ws/build/go2_bridge
[3.501s] running install_data
[3.501s] creating /home/unitree/go/Go2Robot/ros_ws/install/go2_bridge/share/ament_index
[3.501s] creating /home/unitree/go/Go2Robot/ros_ws/install/go2_bridge/share/ament_index/resource_index
[3.502s] creating /home/unitree/go/Go2Robot/ros_ws/install/go2_bridge/share/ament_index/resource_index/packages
[3.502s] copying resource/go2_bridge -> /home/unitree/go/Go2Robot/ros_ws/install/go2_bridge/share/ament_index/resource_index/packages
[3.502s] copying package.xml -> /home/unitree/go/Go2Robot/ros_ws/install/go2_bridge/share/go2_bridge
[3.920s] Invoked command in '/home/unitree/go/Go2Robot/ros_ws/build/go2_bridge' returned '0': CMAKE_PREFIX_PATH=/home/unitree/go/Go2Robot/ros_ws/install/go2_interfaces LD_LIBRARY_PATH=/home/unitree/go/Go2Robot/ros_ws/install/go2_interfaces/lib:${LD_LIBRARY_PATH} PKG_CONFIG_PATH=/home/unitree/go/Go2Robot/ros_ws/install/go2_interfaces/lib/aarch64-linux-gnu/pkgconfig:/home/unitree/go/Go2Robot/ros_ws/install/go2_interfaces/lib/pkgconfig:${PKG_CONFIG_PATH} PYTHONPATH=/home/unitree/go/Go2Robot/ros_ws/build/go2_bridge/prefix_override:/home/unitree/go/Go2Robot/ros_ws/install/go2_bridge/lib/python3.8/site-packages:/home/unitree/go/Go2Robot/ros_ws/install/go2_interfaces/lib/python3.8/site-packages:${PYTHONPATH} ROS_PACKAGE_PATH=/home/unitree/go/Go2Robot/ros_ws/install/go2_interfaces/share /usr/bin/python3 setup.py develop --editable --build-directory /home/unitree/go/Go2Robot/ros_ws/build/go2_bridge/build --no-deps install_data
