[3.954s] DEBUG:colcon:Command line arguments: ['/usr/bin/colcon', 'build', '--symlink-install', '--packages-select', 'go2_interfaces', 'go2_bridge', 'go2_mission', 'go2_nav_bringup']
[3.954s] DEBUG:colcon:Parsed command line arguments: Namespace(allow_overriding=[], ament_cmake_args=None, base_paths=['.'], build_base='build', catkin_cmake_args=None, catkin_skip_building_tests=False, cmake_args=None, cmake_clean_cache=False, cmake_clean_first=False, cmake_force_configure=False, cmake_target=None, cmake_target_skip_unavailable=False, continue_on_error=False, event_handlers=None, executor='parallel', ignore_user_meta=False, install_base='install', log_base=None, log_level=None, main=<bound method BuildVerb.main of <colcon_core.verb.build.BuildVerb object at 0xffffbd510e50>>, merge_install=False, metas=['./colcon.meta'], packages_above=None, packages_above_and_dependencies=None, packages_above_depth=None, packages_end=None, packages_ignore=None, packages_ignore_regex=None, packages_select=['go2_interfaces', 'go2_bridge', 'go2_mission', 'go2_nav_bringup'], packages_select_build_failed=False, packages_select_by_dep=None, packages_select_regex=None, packages_select_test_failures=False, packages_skip=None, packages_skip_build_finished=False, packages_skip_by_dep=None, packages_skip_regex=None, packages_skip_test_passed=False, packages_skip_up_to=None, packages_start=None, packages_up_to=None, packages_up_to_regex=None, parallel_workers=4, paths=None, symlink_install=True, test_result_base=None, verb_extension=<colcon_core.verb.build.BuildVerb object at 0xffffbd510e50>, verb_name='build', verb_parser=<colcon_defaults.argument_parser.defaults.DefaultArgumentsDecorator object at 0xffffbd1913a0>)
[4.135s] Level 1:colcon.colcon_core.package_discovery:discover_packages(colcon_meta) check parameters
[4.135s] Level 1:colcon.colcon_core.package_discovery:discover_packages(recursive) check parameters
[4.135s] Level 1:colcon.colcon_core.package_discovery:discover_packages(ignore) check parameters
[4.135s] Level 1:colcon.colcon_core.package_discovery:discover_packages(path) check parameters
[4.135s] Level 1:colcon.colcon_core.package_discovery:discover_packages(colcon_meta) discover
[4.135s] Level 1:colcon.colcon_core.package_discovery:discover_packages(recursive) discover
[4.135s] INFO:colcon.colcon_core.package_discovery:Crawling recursively for packages in '/home/unitree/go/Go2Robot/ros_ws'
[4.136s] Level 1:colcon.colcon_core.package_identification:_identify(.) by extensions ['ignore', 'ignore_ament_install']
[4.136s] Level 1:colcon.colcon_core.package_identification:_identify(.) by extension 'ignore'
[4.136s] Level 1:colcon.colcon_core.package_identification:_identify(.) by extension 'ignore_ament_install'
[4.136s] Level 1:colcon.colcon_core.package_identification:_identify(.) by extensions ['colcon_pkg']
[4.136s] Level 1:colcon.colcon_core.package_identification:_identify(.) by extension 'colcon_pkg'
[4.136s] Level 1:colcon.colcon_core.package_identification:_identify(.) by extensions ['colcon_meta']
[4.136s] Level 1:colcon.colcon_core.package_identification:_identify(.) by extension 'colcon_meta'
[4.136s] Level 1:colcon.colcon_core.package_identification:_identify(.) by extensions ['ros']
[4.136s] Level 1:colcon.colcon_core.package_identification:_identify(.) by extension 'ros'
[4.157s] Level 1:colcon.colcon_core.package_identification:_identify(.) by extensions ['cmake', 'python']
[4.157s] Level 1:colcon.colcon_core.package_identification:_identify(.) by extension 'cmake'
[4.157s] Level 1:colcon.colcon_core.package_identification:_identify(.) by extension 'python'
[4.157s] Level 1:colcon.colcon_core.package_identification:_identify(.) by extensions ['python_setup_py']
[4.157s] Level 1:colcon.colcon_core.package_identification:_identify(.) by extension 'python_setup_py'
[4.157s] Level 1:colcon.colcon_core.package_identification:_identify(build) by extensions ['ignore', 'ignore_ament_install']
[4.157s] Level 1:colcon.colcon_core.package_identification:_identify(build) by extension 'ignore'
[4.158s] Level 1:colcon.colcon_core.package_identification:_identify(build) ignored
[4.158s] Level 1:colcon.colcon_core.package_identification:_identify(install) by extensions ['ignore', 'ignore_ament_install']
[4.158s] Level 1:colcon.colcon_core.package_identification:_identify(install) by extension 'ignore'
[4.158s] Level 1:colcon.colcon_core.package_identification:_identify(install) ignored
[4.158s] Level 1:colcon.colcon_core.package_identification:_identify(log) by extensions ['ignore', 'ignore_ament_install']
[4.159s] Level 1:colcon.colcon_core.package_identification:_identify(log) by extension 'ignore'
[4.159s] Level 1:colcon.colcon_core.package_identification:_identify(log) ignored
[4.159s] Level 1:colcon.colcon_core.package_identification:_identify(src) by extensions ['ignore', 'ignore_ament_install']
[4.159s] Level 1:colcon.colcon_core.package_identification:_identify(src) by extension 'ignore'
[4.159s] Level 1:colcon.colcon_core.package_identification:_identify(src) by extension 'ignore_ament_install'
[4.159s] Level 1:colcon.colcon_core.package_identification:_identify(src) by extensions ['colcon_pkg']
[4.159s] Level 1:colcon.colcon_core.package_identification:_identify(src) by extension 'colcon_pkg'
[4.159s] Level 1:colcon.colcon_core.package_identification:_identify(src) by extensions ['colcon_meta']
[4.159s] Level 1:colcon.colcon_core.package_identification:_identify(src) by extension 'colcon_meta'
[4.160s] Level 1:colcon.colcon_core.package_identification:_identify(src) by extensions ['ros']
[4.160s] Level 1:colcon.colcon_core.package_identification:_identify(src) by extension 'ros'
[4.160s] Level 1:colcon.colcon_core.package_identification:_identify(src) by extensions ['cmake', 'python']
[4.160s] Level 1:colcon.colcon_core.package_identification:_identify(src) by extension 'cmake'
[4.160s] Level 1:colcon.colcon_core.package_identification:_identify(src) by extension 'python'
[4.160s] Level 1:colcon.colcon_core.package_identification:_identify(src) by extensions ['python_setup_py']
[4.160s] Level 1:colcon.colcon_core.package_identification:_identify(src) by extension 'python_setup_py'
[4.160s] Level 1:colcon.colcon_core.package_identification:_identify(src/go2_bridge) by extensions ['ignore', 'ignore_ament_install']
[4.160s] Level 1:colcon.colcon_core.package_identification:_identify(src/go2_bridge) by extension 'ignore'
[4.160s] Level 1:colcon.colcon_core.package_identification:_identify(src/go2_bridge) by extension 'ignore_ament_install'
[4.161s] Level 1:colcon.colcon_core.package_identification:_identify(src/go2_bridge) by extensions ['colcon_pkg']
[4.161s] Level 1:colcon.colcon_core.package_identification:_identify(src/go2_bridge) by extension 'colcon_pkg'
[4.161s] Level 1:colcon.colcon_core.package_identification:_identify(src/go2_bridge) by extensions ['colcon_meta']
[4.161s] Level 1:colcon.colcon_core.package_identification:_identify(src/go2_bridge) by extension 'colcon_meta'
[4.161s] Level 1:colcon.colcon_core.package_identification:_identify(src/go2_bridge) by extensions ['ros']
[4.161s] Level 1:colcon.colcon_core.package_identification:_identify(src/go2_bridge) by extension 'ros'
[4.166s] DEBUG:colcon.colcon_core.package_identification:Package 'src/go2_bridge' with type 'ros.catkin' and name 'go2_bridge'
[4.166s] Level 1:colcon.colcon_core.package_identification:_identify(src/go2_interfaces) by extensions ['ignore', 'ignore_ament_install']
[4.166s] Level 1:colcon.colcon_core.package_identification:_identify(src/go2_interfaces) by extension 'ignore'
[4.166s] Level 1:colcon.colcon_core.package_identification:_identify(src/go2_interfaces) by extension 'ignore_ament_install'
[4.166s] Level 1:colcon.colcon_core.package_identification:_identify(src/go2_interfaces) by extensions ['colcon_pkg']
[4.166s] Level 1:colcon.colcon_core.package_identification:_identify(src/go2_interfaces) by extension 'colcon_pkg'
[4.167s] Level 1:colcon.colcon_core.package_identification:_identify(src/go2_interfaces) by extensions ['colcon_meta']
[4.167s] Level 1:colcon.colcon_core.package_identification:_identify(src/go2_interfaces) by extension 'colcon_meta'
[4.167s] Level 1:colcon.colcon_core.package_identification:_identify(src/go2_interfaces) by extensions ['ros']
[4.167s] Level 1:colcon.colcon_core.package_identification:_identify(src/go2_interfaces) by extension 'ros'
[4.168s] DEBUG:colcon.colcon_core.package_identification:Package 'src/go2_interfaces' with type 'ros.catkin' and name 'go2_interfaces'
[4.168s] Level 1:colcon.colcon_core.package_identification:_identify(src/go2_mission) by extensions ['ignore', 'ignore_ament_install']
[4.168s] Level 1:colcon.colcon_core.package_identification:_identify(src/go2_mission) by extension 'ignore'
[4.168s] Level 1:colcon.colcon_core.package_identification:_identify(src/go2_mission) by extension 'ignore_ament_install'
[4.168s] Level 1:colcon.colcon_core.package_identification:_identify(src/go2_mission) by extensions ['colcon_pkg']
[4.169s] Level 1:colcon.colcon_core.package_identification:_identify(src/go2_mission) by extension 'colcon_pkg'
[4.169s] Level 1:colcon.colcon_core.package_identification:_identify(src/go2_mission) by extensions ['colcon_meta']
[4.169s] Level 1:colcon.colcon_core.package_identification:_identify(src/go2_mission) by extension 'colcon_meta'
[4.169s] Level 1:colcon.colcon_core.package_identification:_identify(src/go2_mission) by extensions ['ros']
[4.169s] Level 1:colcon.colcon_core.package_identification:_identify(src/go2_mission) by extension 'ros'
[4.170s] DEBUG:colcon.colcon_core.package_identification:Package 'src/go2_mission' with type 'ros.catkin' and name 'go2_mission'
[4.170s] Level 1:colcon.colcon_core.package_identification:_identify(src/go2_nav_bringup) by extensions ['ignore', 'ignore_ament_install']
[4.170s] Level 1:colcon.colcon_core.package_identification:_identify(src/go2_nav_bringup) by extension 'ignore'
[4.170s] Level 1:colcon.colcon_core.package_identification:_identify(src/go2_nav_bringup) by extension 'ignore_ament_install'
[4.170s] Level 1:colcon.colcon_core.package_identification:_identify(src/go2_nav_bringup) by extensions ['colcon_pkg']
[4.170s] Level 1:colcon.colcon_core.package_identification:_identify(src/go2_nav_bringup) by extension 'colcon_pkg'
[4.170s] Level 1:colcon.colcon_core.package_identification:_identify(src/go2_nav_bringup) by extensions ['colcon_meta']
[4.170s] Level 1:colcon.colcon_core.package_identification:_identify(src/go2_nav_bringup) by extension 'colcon_meta'
[4.170s] Level 1:colcon.colcon_core.package_identification:_identify(src/go2_nav_bringup) by extensions ['ros']
[4.170s] Level 1:colcon.colcon_core.package_identification:_identify(src/go2_nav_bringup) by extension 'ros'
[4.171s] DEBUG:colcon.colcon_core.package_identification:Package 'src/go2_nav_bringup' with type 'ros.catkin' and name 'go2_nav_bringup'
[4.171s] Level 1:colcon.colcon_core.package_discovery:discover_packages(recursive) using defaults
[4.171s] Level 1:colcon.colcon_core.package_discovery:discover_packages(ignore) discover
[4.171s] Level 1:colcon.colcon_core.package_discovery:discover_packages(ignore) using defaults
[4.171s] Level 1:colcon.colcon_core.package_discovery:discover_packages(path) discover
[4.171s] Level 1:colcon.colcon_core.package_discovery:discover_packages(path) using defaults
[4.554s] Level 1:colcon.colcon_core.package_discovery:discover_packages(prefix_path) check parameters
[4.554s] Level 1:colcon.colcon_core.package_discovery:discover_packages(prefix_path) discover
[4.689s] DEBUG:colcon.colcon_installed_package_information.package_discovery:Found 291 installed packages in /opt/ros/foxy
[4.691s] Level 1:colcon.colcon_core.package_discovery:discover_packages(prefix_path) using defaults
[4.950s] Level 5:colcon.colcon_core.verb:set package 'go2_interfaces' build argument 'cmake_args' from command line to 'None'
[4.950s] Level 5:colcon.colcon_core.verb:set package 'go2_interfaces' build argument 'cmake_target' from command line to 'None'
[4.950s] Level 5:colcon.colcon_core.verb:set package 'go2_interfaces' build argument 'cmake_target_skip_unavailable' from command line to 'False'
[4.950s] Level 5:colcon.colcon_core.verb:set package 'go2_interfaces' build argument 'cmake_clean_cache' from command line to 'False'
[4.950s] Level 5:colcon.colcon_core.verb:set package 'go2_interfaces' build argument 'cmake_clean_first' from command line to 'False'
[4.950s] Level 5:colcon.colcon_core.verb:set package 'go2_interfaces' build argument 'cmake_force_configure' from command line to 'False'
[4.950s] Level 5:colcon.colcon_core.verb:set package 'go2_interfaces' build argument 'ament_cmake_args' from command line to 'None'
[4.950s] Level 5:colcon.colcon_core.verb:set package 'go2_interfaces' build argument 'catkin_cmake_args' from command line to 'None'
[4.950s] Level 5:colcon.colcon_core.verb:set package 'go2_interfaces' build argument 'catkin_skip_building_tests' from command line to 'False'
[4.951s] DEBUG:colcon.colcon_core.verb:Building package 'go2_interfaces' with the following arguments: {'ament_cmake_args': None, 'build_base': '/home/unitree/go/Go2Robot/ros_ws/build/go2_interfaces', 'catkin_cmake_args': None, 'catkin_skip_building_tests': False, 'cmake_args': None, 'cmake_clean_cache': False, 'cmake_clean_first': False, 'cmake_force_configure': False, 'cmake_target': None, 'cmake_target_skip_unavailable': False, 'install_base': '/home/unitree/go/Go2Robot/ros_ws/install/go2_interfaces', 'merge_install': False, 'path': '/home/unitree/go/Go2Robot/ros_ws/src/go2_interfaces', 'symlink_install': True, 'test_result_base': None}
[5.016s] Level 5:colcon.colcon_core.verb:set package 'go2_nav_bringup' build argument 'cmake_args' from command line to 'None'
[5.016s] Level 5:colcon.colcon_core.verb:set package 'go2_nav_bringup' build argument 'cmake_target' from command line to 'None'
[5.016s] Level 5:colcon.colcon_core.verb:set package 'go2_nav_bringup' build argument 'cmake_target_skip_unavailable' from command line to 'False'
[5.016s] Level 5:colcon.colcon_core.verb:set package 'go2_nav_bringup' build argument 'cmake_clean_cache' from command line to 'False'
[5.016s] Level 5:colcon.colcon_core.verb:set package 'go2_nav_bringup' build argument 'cmake_clean_first' from command line to 'False'
[5.016s] Level 5:colcon.colcon_core.verb:set package 'go2_nav_bringup' build argument 'cmake_force_configure' from command line to 'False'
[5.016s] Level 5:colcon.colcon_core.verb:set package 'go2_nav_bringup' build argument 'ament_cmake_args' from command line to 'None'
[5.016s] Level 5:colcon.colcon_core.verb:set package 'go2_nav_bringup' build argument 'catkin_cmake_args' from command line to 'None'
[5.016s] Level 5:colcon.colcon_core.verb:set package 'go2_nav_bringup' build argument 'catkin_skip_building_tests' from command line to 'False'
[5.016s] DEBUG:colcon.colcon_core.verb:Building package 'go2_nav_bringup' with the following arguments: {'ament_cmake_args': None, 'build_base': '/home/unitree/go/Go2Robot/ros_ws/build/go2_nav_bringup', 'catkin_cmake_args': None, 'catkin_skip_building_tests': False, 'cmake_args': None, 'cmake_clean_cache': False, 'cmake_clean_first': False, 'cmake_force_configure': False, 'cmake_target': None, 'cmake_target_skip_unavailable': False, 'install_base': '/home/unitree/go/Go2Robot/ros_ws/install/go2_nav_bringup', 'merge_install': False, 'path': '/home/unitree/go/Go2Robot/ros_ws/src/go2_nav_bringup', 'symlink_install': True, 'test_result_base': None}
[5.081s] Level 5:colcon.colcon_core.verb:set package 'go2_bridge' build argument 'cmake_args' from command line to 'None'
[5.081s] Level 5:colcon.colcon_core.verb:set package 'go2_bridge' build argument 'cmake_target' from command line to 'None'
[5.081s] Level 5:colcon.colcon_core.verb:set package 'go2_bridge' build argument 'cmake_target_skip_unavailable' from command line to 'False'
[5.081s] Level 5:colcon.colcon_core.verb:set package 'go2_bridge' build argument 'cmake_clean_cache' from command line to 'False'
[5.081s] Level 5:colcon.colcon_core.verb:set package 'go2_bridge' build argument 'cmake_clean_first' from command line to 'False'
[5.081s] Level 5:colcon.colcon_core.verb:set package 'go2_bridge' build argument 'cmake_force_configure' from command line to 'False'
[5.081s] Level 5:colcon.colcon_core.verb:set package 'go2_bridge' build argument 'ament_cmake_args' from command line to 'None'
[5.081s] Level 5:colcon.colcon_core.verb:set package 'go2_bridge' build argument 'catkin_cmake_args' from command line to 'None'
[5.081s] Level 5:colcon.colcon_core.verb:set package 'go2_bridge' build argument 'catkin_skip_building_tests' from command line to 'False'
[5.081s] DEBUG:colcon.colcon_core.verb:Building package 'go2_bridge' with the following arguments: {'ament_cmake_args': None, 'build_base': '/home/unitree/go/Go2Robot/ros_ws/build/go2_bridge', 'catkin_cmake_args': None, 'catkin_skip_building_tests': False, 'cmake_args': None, 'cmake_clean_cache': False, 'cmake_clean_first': False, 'cmake_force_configure': False, 'cmake_target': None, 'cmake_target_skip_unavailable': False, 'install_base': '/home/unitree/go/Go2Robot/ros_ws/install/go2_bridge', 'merge_install': False, 'path': '/home/unitree/go/Go2Robot/ros_ws/src/go2_bridge', 'symlink_install': True, 'test_result_base': None}
[5.146s] Level 5:colcon.colcon_core.verb:set package 'go2_mission' build argument 'cmake_args' from command line to 'None'
[5.147s] Level 5:colcon.colcon_core.verb:set package 'go2_mission' build argument 'cmake_target' from command line to 'None'
[5.147s] Level 5:colcon.colcon_core.verb:set package 'go2_mission' build argument 'cmake_target_skip_unavailable' from command line to 'False'
[5.147s] Level 5:colcon.colcon_core.verb:set package 'go2_mission' build argument 'cmake_clean_cache' from command line to 'False'
[5.147s] Level 5:colcon.colcon_core.verb:set package 'go2_mission' build argument 'cmake_clean_first' from command line to 'False'
[5.147s] Level 5:colcon.colcon_core.verb:set package 'go2_mission' build argument 'cmake_force_configure' from command line to 'False'
[5.147s] Level 5:colcon.colcon_core.verb:set package 'go2_mission' build argument 'ament_cmake_args' from command line to 'None'
[5.147s] Level 5:colcon.colcon_core.verb:set package 'go2_mission' build argument 'catkin_cmake_args' from command line to 'None'
[5.147s] Level 5:colcon.colcon_core.verb:set package 'go2_mission' build argument 'catkin_skip_building_tests' from command line to 'False'
[5.147s] DEBUG:colcon.colcon_core.verb:Building package 'go2_mission' with the following arguments: {'ament_cmake_args': None, 'build_base': '/home/unitree/go/Go2Robot/ros_ws/build/go2_mission', 'catkin_cmake_args': None, 'catkin_skip_building_tests': False, 'cmake_args': None, 'cmake_clean_cache': False, 'cmake_clean_first': False, 'cmake_force_configure': False, 'cmake_target': None, 'cmake_target_skip_unavailable': False, 'install_base': '/home/unitree/go/Go2Robot/ros_ws/install/go2_mission', 'merge_install': False, 'path': '/home/unitree/go/Go2Robot/ros_ws/src/go2_mission', 'symlink_install': True, 'test_result_base': None}
[5.243s] INFO:colcon.colcon_core.executor:Executing jobs using 'parallel' executor
[5.311s] DEBUG:colcon.colcon_parallel_executor.executor.parallel:run_until_complete
[5.312s] INFO:colcon.colcon_ros.task.catkin.build:Building ROS package in '/home/unitree/go/Go2Robot/ros_ws/src/go2_interfaces' with build type 'catkin'
[5.312s] INFO:colcon.colcon_cmake.task.cmake.build:Building CMake package in '/home/unitree/go/Go2Robot/ros_ws/src/go2_interfaces'
[5.382s] INFO:colcon.colcon_core.plugin_system:Skipping extension 'colcon_core.shell.bat': Not used on non-Windows systems
[5.382s] INFO:colcon.colcon_core.shell:Skip shell extension 'powershell' for command environment: Not usable outside of PowerShell
[5.382s] DEBUG:colcon.colcon_core.shell:Skip shell extension 'dsv' for command environment
[5.525s] INFO:colcon.colcon_ros.task.catkin.build:Building ROS package in '/home/unitree/go/Go2Robot/ros_ws/src/go2_nav_bringup' with build type 'catkin'
[5.526s] INFO:colcon.colcon_cmake.task.cmake.build:Building CMake package in '/home/unitree/go/Go2Robot/ros_ws/src/go2_nav_bringup'
[5.595s] INFO:colcon.colcon_core.shell:Skip shell extension 'powershell' for command environment: Not usable outside of PowerShell
[5.595s] DEBUG:colcon.colcon_core.shell:Skip shell extension 'dsv' for command environment
[5.741s] DEBUG:colcon.colcon_core.event_handler.log_command:Invoking command in '/home/unitree/go/Go2Robot/ros_ws/build/go2_interfaces': /usr/bin/cmake /home/unitree/go/Go2Robot/ros_ws/src/go2_interfaces -DCATKIN_INSTALL_INTO_PREFIX_ROOT=0 -DCATKIN_SYMLINK_INSTALL=ON -DCMAKE_INSTALL_PREFIX=/home/unitree/go/Go2Robot/ros_ws/install/go2_interfaces
[5.754s] DEBUG:colcon.colcon_core.event_handler.log_command:Invoking command in '/home/unitree/go/Go2Robot/ros_ws/build/go2_nav_bringup': /usr/bin/cmake /home/unitree/go/Go2Robot/ros_ws/src/go2_nav_bringup -DCATKIN_INSTALL_INTO_PREFIX_ROOT=0 -DCATKIN_SYMLINK_INSTALL=ON -DCMAKE_INSTALL_PREFIX=/home/unitree/go/Go2Robot/ros_ws/install/go2_nav_bringup
[5.773s] DEBUG:colcon.colcon_core.event_handler.log_command:Invoked command in '/home/unitree/go/Go2Robot/ros_ws/build/go2_nav_bringup' returned '1': /usr/bin/cmake /home/unitree/go/Go2Robot/ros_ws/src/go2_nav_bringup -DCATKIN_INSTALL_INTO_PREFIX_ROOT=0 -DCATKIN_SYMLINK_INSTALL=ON -DCMAKE_INSTALL_PREFIX=/home/unitree/go/Go2Robot/ros_ws/install/go2_nav_bringup
[7.219s] DEBUG:colcon.colcon_parallel_executor.executor.parallel:closing loop
[7.220s] DEBUG:colcon.colcon_parallel_executor.executor.parallel:loop closed
[7.220s] DEBUG:colcon.colcon_parallel_executor.executor.parallel:run_until_complete finished with 'argument of type 'NoneType' is not iterable'
[7.220s] DEBUG:colcon.colcon_core.event_reactor:joining thread
[7.316s] INFO:colcon.colcon_core.plugin_system:Skipping extension 'colcon_notification.desktop_notification.terminal_notifier': Not used on non-Darwin systems
[7.316s] INFO:colcon.colcon_core.plugin_system:Skipping extension 'colcon_notification.desktop_notification.win32': Not used on non-Windows systems
[7.316s] INFO:colcon.colcon_notification.desktop_notification:Sending desktop notification using 'notify2'
[7.338s] DEBUG:colcon.colcon_notification.desktop_notification.notify2:Failed to initialize notify2: org.freedesktop.DBus.Error.Spawn.ChildExited: Process org.freedesktop.Notifications exited with status 1
[7.338s] DEBUG:colcon.colcon_core.event_reactor:joined thread
[7.422s] INFO:colcon.colcon_core.shell:Creating prefix script '/home/unitree/go/Go2Robot/ros_ws/install/local_setup.ps1'
[7.424s] INFO:colcon.colcon_core.shell:Creating prefix util module '/home/unitree/go/Go2Robot/ros_ws/install/_local_setup_util_ps1.py'
[7.426s] INFO:colcon.colcon_core.shell:Creating prefix chain script '/home/unitree/go/Go2Robot/ros_ws/install/setup.ps1'
[7.494s] INFO:colcon.colcon_core.shell:Creating prefix script '/home/unitree/go/Go2Robot/ros_ws/install/local_setup.sh'
[7.495s] INFO:colcon.colcon_core.shell:Creating prefix util module '/home/unitree/go/Go2Robot/ros_ws/install/_local_setup_util_sh.py'
[7.496s] INFO:colcon.colcon_core.shell:Creating prefix chain script '/home/unitree/go/Go2Robot/ros_ws/install/setup.sh'
[7.564s] INFO:colcon.colcon_core.shell:Creating prefix script '/home/unitree/go/Go2Robot/ros_ws/install/local_setup.bash'
[7.564s] INFO:colcon.colcon_core.shell:Creating prefix chain script '/home/unitree/go/Go2Robot/ros_ws/install/setup.bash'
[7.632s] INFO:colcon.colcon_core.shell:Creating prefix script '/home/unitree/go/Go2Robot/ros_ws/install/local_setup.zsh'
[7.633s] INFO:colcon.colcon_core.shell:Creating prefix chain script '/home/unitree/go/Go2Robot/ros_ws/install/setup.zsh'
