[3.938s] DEBUG:colcon:Command line arguments: ['/usr/bin/colcon', 'build', '--symlink-install', '--packages-select', 'go2_interfaces', 'go2_bridge', 'go2_mission']
[3.939s] DEBUG:colcon:Parsed command line arguments: Namespace(allow_overriding=[], ament_cmake_args=None, base_paths=['.'], build_base='build', catkin_cmake_args=None, catkin_skip_building_tests=False, cmake_args=None, cmake_clean_cache=False, cmake_clean_first=False, cmake_force_configure=False, cmake_target=None, cmake_target_skip_unavailable=False, continue_on_error=False, event_handlers=None, executor='parallel', ignore_user_meta=False, install_base='install', log_base=None, log_level=None, main=<bound method BuildVerb.main of <colcon_core.verb.build.BuildVerb object at 0xffffbb52ae20>>, merge_install=False, metas=['./colcon.meta'], packages_above=None, packages_above_and_dependencies=None, packages_above_depth=None, packages_end=None, packages_ignore=None, packages_ignore_regex=None, packages_select=['go2_interfaces', 'go2_bridge', 'go2_mission'], packages_select_build_failed=False, packages_select_by_dep=None, packages_select_regex=None, packages_select_test_failures=False, packages_skip=None, packages_skip_build_finished=False, packages_skip_by_dep=None, packages_skip_regex=None, packages_skip_test_passed=False, packages_skip_up_to=None, packages_start=None, packages_up_to=None, packages_up_to_regex=None, parallel_workers=4, paths=None, symlink_install=True, test_result_base=None, verb_extension=<colcon_core.verb.build.BuildVerb object at 0xffffbb52ae20>, verb_name='build', verb_parser=<colcon_defaults.argument_parser.defaults.DefaultArgumentsDecorator object at 0xffffbb1afc10>)
[4.110s] Level 1:colcon.colcon_core.package_discovery:discover_packages(colcon_meta) check parameters
[4.110s] Level 1:colcon.colcon_core.package_discovery:discover_packages(recursive) check parameters
[4.110s] Level 1:colcon.colcon_core.package_discovery:discover_packages(ignore) check parameters
[4.110s] Level 1:colcon.colcon_core.package_discovery:discover_packages(path) check parameters
[4.111s] Level 1:colcon.colcon_core.package_discovery:discover_packages(colcon_meta) discover
[4.111s] Level 1:colcon.colcon_core.package_discovery:discover_packages(recursive) discover
[4.111s] INFO:colcon.colcon_core.package_discovery:Crawling recursively for packages in '/home/unitree/go/Go2Robot/ros_ws'
[4.111s] Level 1:colcon.colcon_core.package_identification:_identify(.) by extensions ['ignore', 'ignore_ament_install']
[4.111s] Level 1:colcon.colcon_core.package_identification:_identify(.) by extension 'ignore'
[4.111s] Level 1:colcon.colcon_core.package_identification:_identify(.) by extension 'ignore_ament_install'
[4.111s] Level 1:colcon.colcon_core.package_identification:_identify(.) by extensions ['colcon_pkg']
[4.111s] Level 1:colcon.colcon_core.package_identification:_identify(.) by extension 'colcon_pkg'
[4.112s] Level 1:colcon.colcon_core.package_identification:_identify(.) by extensions ['colcon_meta']
[4.112s] Level 1:colcon.colcon_core.package_identification:_identify(.) by extension 'colcon_meta'
[4.112s] Level 1:colcon.colcon_core.package_identification:_identify(.) by extensions ['ros']
[4.112s] Level 1:colcon.colcon_core.package_identification:_identify(.) by extension 'ros'
[4.132s] Level 1:colcon.colcon_core.package_identification:_identify(.) by extensions ['cmake', 'python']
[4.132s] Level 1:colcon.colcon_core.package_identification:_identify(.) by extension 'cmake'
[4.132s] Level 1:colcon.colcon_core.package_identification:_identify(.) by extension 'python'
[4.132s] Level 1:colcon.colcon_core.package_identification:_identify(.) by extensions ['python_setup_py']
[4.133s] Level 1:colcon.colcon_core.package_identification:_identify(.) by extension 'python_setup_py'
[4.133s] Level 1:colcon.colcon_core.package_identification:_identify(build) by extensions ['ignore', 'ignore_ament_install']
[4.133s] Level 1:colcon.colcon_core.package_identification:_identify(build) by extension 'ignore'
[4.133s] Level 1:colcon.colcon_core.package_identification:_identify(build) ignored
[4.133s] Level 1:colcon.colcon_core.package_identification:_identify(install) by extensions ['ignore', 'ignore_ament_install']
[4.134s] Level 1:colcon.colcon_core.package_identification:_identify(install) by extension 'ignore'
[4.134s] Level 1:colcon.colcon_core.package_identification:_identify(install) ignored
[4.134s] Level 1:colcon.colcon_core.package_identification:_identify(log) by extensions ['ignore', 'ignore_ament_install']
[4.134s] Level 1:colcon.colcon_core.package_identification:_identify(log) by extension 'ignore'
[4.134s] Level 1:colcon.colcon_core.package_identification:_identify(log) ignored
[4.134s] Level 1:colcon.colcon_core.package_identification:_identify(src) by extensions ['ignore', 'ignore_ament_install']
[4.134s] Level 1:colcon.colcon_core.package_identification:_identify(src) by extension 'ignore'
[4.135s] Level 1:colcon.colcon_core.package_identification:_identify(src) by extension 'ignore_ament_install'
[4.135s] Level 1:colcon.colcon_core.package_identification:_identify(src) by extensions ['colcon_pkg']
[4.135s] Level 1:colcon.colcon_core.package_identification:_identify(src) by extension 'colcon_pkg'
[4.135s] Level 1:colcon.colcon_core.package_identification:_identify(src) by extensions ['colcon_meta']
[4.135s] Level 1:colcon.colcon_core.package_identification:_identify(src) by extension 'colcon_meta'
[4.135s] Level 1:colcon.colcon_core.package_identification:_identify(src) by extensions ['ros']
[4.135s] Level 1:colcon.colcon_core.package_identification:_identify(src) by extension 'ros'
[4.135s] Level 1:colcon.colcon_core.package_identification:_identify(src) by extensions ['cmake', 'python']
[4.135s] Level 1:colcon.colcon_core.package_identification:_identify(src) by extension 'cmake'
[4.135s] Level 1:colcon.colcon_core.package_identification:_identify(src) by extension 'python'
[4.135s] Level 1:colcon.colcon_core.package_identification:_identify(src) by extensions ['python_setup_py']
[4.135s] Level 1:colcon.colcon_core.package_identification:_identify(src) by extension 'python_setup_py'
[4.136s] Level 1:colcon.colcon_core.package_identification:_identify(src/go2_bridge) by extensions ['ignore', 'ignore_ament_install']
[4.136s] Level 1:colcon.colcon_core.package_identification:_identify(src/go2_bridge) by extension 'ignore'
[4.136s] Level 1:colcon.colcon_core.package_identification:_identify(src/go2_bridge) by extension 'ignore_ament_install'
[4.136s] Level 1:colcon.colcon_core.package_identification:_identify(src/go2_bridge) by extensions ['colcon_pkg']
[4.136s] Level 1:colcon.colcon_core.package_identification:_identify(src/go2_bridge) by extension 'colcon_pkg'
[4.136s] Level 1:colcon.colcon_core.package_identification:_identify(src/go2_bridge) by extensions ['colcon_meta']
[4.136s] Level 1:colcon.colcon_core.package_identification:_identify(src/go2_bridge) by extension 'colcon_meta'
[4.136s] Level 1:colcon.colcon_core.package_identification:_identify(src/go2_bridge) by extensions ['ros']
[4.136s] Level 1:colcon.colcon_core.package_identification:_identify(src/go2_bridge) by extension 'ros'
[4.140s] DEBUG:colcon.colcon_core.package_identification:Package 'src/go2_bridge' with type 'ros.ament_python' and name 'go2_bridge'
[4.141s] Level 1:colcon.colcon_core.package_identification:_identify(src/go2_interfaces) by extensions ['ignore', 'ignore_ament_install']
[4.141s] Level 1:colcon.colcon_core.package_identification:_identify(src/go2_interfaces) by extension 'ignore'
[4.141s] Level 1:colcon.colcon_core.package_identification:_identify(src/go2_interfaces) by extension 'ignore_ament_install'
[4.141s] Level 1:colcon.colcon_core.package_identification:_identify(src/go2_interfaces) by extensions ['colcon_pkg']
[4.141s] Level 1:colcon.colcon_core.package_identification:_identify(src/go2_interfaces) by extension 'colcon_pkg'
[4.142s] Level 1:colcon.colcon_core.package_identification:_identify(src/go2_interfaces) by extensions ['colcon_meta']
[4.142s] Level 1:colcon.colcon_core.package_identification:_identify(src/go2_interfaces) by extension 'colcon_meta'
[4.142s] Level 1:colcon.colcon_core.package_identification:_identify(src/go2_interfaces) by extensions ['ros']
[4.142s] Level 1:colcon.colcon_core.package_identification:_identify(src/go2_interfaces) by extension 'ros'
[4.143s] DEBUG:colcon.colcon_core.package_identification:Package 'src/go2_interfaces' with type 'ros.catkin' and name 'go2_interfaces'
[4.143s] Level 1:colcon.colcon_core.package_identification:_identify(src/go2_mission) by extensions ['ignore', 'ignore_ament_install']
[4.143s] Level 1:colcon.colcon_core.package_identification:_identify(src/go2_mission) by extension 'ignore'
[4.143s] Level 1:colcon.colcon_core.package_identification:_identify(src/go2_mission) by extension 'ignore_ament_install'
[4.143s] Level 1:colcon.colcon_core.package_identification:_identify(src/go2_mission) by extensions ['colcon_pkg']
[4.143s] Level 1:colcon.colcon_core.package_identification:_identify(src/go2_mission) by extension 'colcon_pkg'
[4.143s] Level 1:colcon.colcon_core.package_identification:_identify(src/go2_mission) by extensions ['colcon_meta']
[4.143s] Level 1:colcon.colcon_core.package_identification:_identify(src/go2_mission) by extension 'colcon_meta'
[4.143s] Level 1:colcon.colcon_core.package_identification:_identify(src/go2_mission) by extensions ['ros']
[4.143s] Level 1:colcon.colcon_core.package_identification:_identify(src/go2_mission) by extension 'ros'
[4.144s] DEBUG:colcon.colcon_core.package_identification:Package 'src/go2_mission' with type 'ros.ament_python' and name 'go2_mission'
[4.144s] Level 1:colcon.colcon_core.package_identification:_identify(src/go2_nav_bringup) by extensions ['ignore', 'ignore_ament_install']
[4.145s] Level 1:colcon.colcon_core.package_identification:_identify(src/go2_nav_bringup) by extension 'ignore'
[4.145s] Level 1:colcon.colcon_core.package_identification:_identify(src/go2_nav_bringup) by extension 'ignore_ament_install'
[4.145s] Level 1:colcon.colcon_core.package_identification:_identify(src/go2_nav_bringup) by extensions ['colcon_pkg']
[4.145s] Level 1:colcon.colcon_core.package_identification:_identify(src/go2_nav_bringup) by extension 'colcon_pkg'
[4.145s] Level 1:colcon.colcon_core.package_identification:_identify(src/go2_nav_bringup) by extensions ['colcon_meta']
[4.145s] Level 1:colcon.colcon_core.package_identification:_identify(src/go2_nav_bringup) by extension 'colcon_meta'
[4.145s] Level 1:colcon.colcon_core.package_identification:_identify(src/go2_nav_bringup) by extensions ['ros']
[4.145s] Level 1:colcon.colcon_core.package_identification:_identify(src/go2_nav_bringup) by extension 'ros'
[4.146s] DEBUG:colcon.colcon_core.package_identification:Package 'src/go2_nav_bringup' with type 'ros.ament_python' and name 'go2_nav_bringup'
[4.146s] Level 1:colcon.colcon_core.package_discovery:discover_packages(recursive) using defaults
[4.146s] Level 1:colcon.colcon_core.package_discovery:discover_packages(ignore) discover
[4.146s] Level 1:colcon.colcon_core.package_discovery:discover_packages(ignore) using defaults
[4.146s] Level 1:colcon.colcon_core.package_discovery:discover_packages(path) discover
[4.146s] Level 1:colcon.colcon_core.package_discovery:discover_packages(path) using defaults
[4.400s] INFO:colcon.colcon_core.package_selection:Skipping not selected package 'go2_nav_bringup' in 'src/go2_nav_bringup'
[4.530s] Level 1:colcon.colcon_core.package_discovery:discover_packages(prefix_path) check parameters
[4.531s] Level 1:colcon.colcon_core.package_discovery:discover_packages(prefix_path) discover
[4.664s] DEBUG:colcon.colcon_installed_package_information.package_discovery:Found 291 installed packages in /opt/ros/foxy
[4.667s] Level 1:colcon.colcon_core.package_discovery:discover_packages(prefix_path) using defaults
[4.926s] Level 5:colcon.colcon_core.verb:set package 'go2_interfaces' build argument 'cmake_args' from command line to 'None'
[4.926s] Level 5:colcon.colcon_core.verb:set package 'go2_interfaces' build argument 'cmake_target' from command line to 'None'
[4.927s] Level 5:colcon.colcon_core.verb:set package 'go2_interfaces' build argument 'cmake_target_skip_unavailable' from command line to 'False'
[4.927s] Level 5:colcon.colcon_core.verb:set package 'go2_interfaces' build argument 'cmake_clean_cache' from command line to 'False'
[4.927s] Level 5:colcon.colcon_core.verb:set package 'go2_interfaces' build argument 'cmake_clean_first' from command line to 'False'
[4.927s] Level 5:colcon.colcon_core.verb:set package 'go2_interfaces' build argument 'cmake_force_configure' from command line to 'False'
[4.927s] Level 5:colcon.colcon_core.verb:set package 'go2_interfaces' build argument 'ament_cmake_args' from command line to 'None'
[4.927s] Level 5:colcon.colcon_core.verb:set package 'go2_interfaces' build argument 'catkin_cmake_args' from command line to 'None'
[4.927s] Level 5:colcon.colcon_core.verb:set package 'go2_interfaces' build argument 'catkin_skip_building_tests' from command line to 'False'
[4.927s] DEBUG:colcon.colcon_core.verb:Building package 'go2_interfaces' with the following arguments: {'ament_cmake_args': None, 'build_base': '/home/unitree/go/Go2Robot/ros_ws/build/go2_interfaces', 'catkin_cmake_args': None, 'catkin_skip_building_tests': False, 'cmake_args': None, 'cmake_clean_cache': False, 'cmake_clean_first': False, 'cmake_force_configure': False, 'cmake_target': None, 'cmake_target_skip_unavailable': False, 'install_base': '/home/unitree/go/Go2Robot/ros_ws/install/go2_interfaces', 'merge_install': False, 'path': '/home/unitree/go/Go2Robot/ros_ws/src/go2_interfaces', 'symlink_install': True, 'test_result_base': None}
[4.992s] Level 5:colcon.colcon_core.verb:set package 'go2_bridge' build argument 'cmake_args' from command line to 'None'
[4.992s] Level 5:colcon.colcon_core.verb:set package 'go2_bridge' build argument 'cmake_target' from command line to 'None'
[4.992s] Level 5:colcon.colcon_core.verb:set package 'go2_bridge' build argument 'cmake_target_skip_unavailable' from command line to 'False'
[4.992s] Level 5:colcon.colcon_core.verb:set package 'go2_bridge' build argument 'cmake_clean_cache' from command line to 'False'
[4.992s] Level 5:colcon.colcon_core.verb:set package 'go2_bridge' build argument 'cmake_clean_first' from command line to 'False'
[4.992s] Level 5:colcon.colcon_core.verb:set package 'go2_bridge' build argument 'cmake_force_configure' from command line to 'False'
[4.992s] Level 5:colcon.colcon_core.verb:set package 'go2_bridge' build argument 'ament_cmake_args' from command line to 'None'
[4.993s] Level 5:colcon.colcon_core.verb:set package 'go2_bridge' build argument 'catkin_cmake_args' from command line to 'None'
[4.993s] Level 5:colcon.colcon_core.verb:set package 'go2_bridge' build argument 'catkin_skip_building_tests' from command line to 'False'
[4.993s] DEBUG:colcon.colcon_core.verb:Building package 'go2_bridge' with the following arguments: {'ament_cmake_args': None, 'build_base': '/home/unitree/go/Go2Robot/ros_ws/build/go2_bridge', 'catkin_cmake_args': None, 'catkin_skip_building_tests': False, 'cmake_args': None, 'cmake_clean_cache': False, 'cmake_clean_first': False, 'cmake_force_configure': False, 'cmake_target': None, 'cmake_target_skip_unavailable': False, 'install_base': '/home/unitree/go/Go2Robot/ros_ws/install/go2_bridge', 'merge_install': False, 'path': '/home/unitree/go/Go2Robot/ros_ws/src/go2_bridge', 'symlink_install': True, 'test_result_base': None}
[5.058s] Level 5:colcon.colcon_core.verb:set package 'go2_mission' build argument 'cmake_args' from command line to 'None'
[5.058s] Level 5:colcon.colcon_core.verb:set package 'go2_mission' build argument 'cmake_target' from command line to 'None'
[5.058s] Level 5:colcon.colcon_core.verb:set package 'go2_mission' build argument 'cmake_target_skip_unavailable' from command line to 'False'
[5.058s] Level 5:colcon.colcon_core.verb:set package 'go2_mission' build argument 'cmake_clean_cache' from command line to 'False'
[5.058s] Level 5:colcon.colcon_core.verb:set package 'go2_mission' build argument 'cmake_clean_first' from command line to 'False'
[5.058s] Level 5:colcon.colcon_core.verb:set package 'go2_mission' build argument 'cmake_force_configure' from command line to 'False'
[5.058s] Level 5:colcon.colcon_core.verb:set package 'go2_mission' build argument 'ament_cmake_args' from command line to 'None'
[5.058s] Level 5:colcon.colcon_core.verb:set package 'go2_mission' build argument 'catkin_cmake_args' from command line to 'None'
[5.058s] Level 5:colcon.colcon_core.verb:set package 'go2_mission' build argument 'catkin_skip_building_tests' from command line to 'False'
[5.058s] DEBUG:colcon.colcon_core.verb:Building package 'go2_mission' with the following arguments: {'ament_cmake_args': None, 'build_base': '/home/unitree/go/Go2Robot/ros_ws/build/go2_mission', 'catkin_cmake_args': None, 'catkin_skip_building_tests': False, 'cmake_args': None, 'cmake_clean_cache': False, 'cmake_clean_first': False, 'cmake_force_configure': False, 'cmake_target': None, 'cmake_target_skip_unavailable': False, 'install_base': '/home/unitree/go/Go2Robot/ros_ws/install/go2_mission', 'merge_install': False, 'path': '/home/unitree/go/Go2Robot/ros_ws/src/go2_mission', 'symlink_install': True, 'test_result_base': None}
[5.123s] INFO:colcon.colcon_core.executor:Executing jobs using 'parallel' executor
[5.221s] DEBUG:colcon.colcon_parallel_executor.executor.parallel:run_until_complete
[5.222s] INFO:colcon.colcon_ros.task.catkin.build:Building ROS package in '/home/unitree/go/Go2Robot/ros_ws/src/go2_interfaces' with build type 'catkin'
[5.222s] INFO:colcon.colcon_cmake.task.cmake.build:Building CMake package in '/home/unitree/go/Go2Robot/ros_ws/src/go2_interfaces'
[5.292s] INFO:colcon.colcon_core.plugin_system:Skipping extension 'colcon_core.shell.bat': Not used on non-Windows systems
[5.293s] INFO:colcon.colcon_core.shell:Skip shell extension 'powershell' for command environment: Not usable outside of PowerShell
[5.293s] DEBUG:colcon.colcon_core.shell:Skip shell extension 'dsv' for command environment
[5.442s] DEBUG:colcon.colcon_core.event_handler.log_command:Invoking command in '/home/unitree/go/Go2Robot/ros_ws/build/go2_interfaces': /usr/bin/cmake --build /home/unitree/go/Go2Robot/ros_ws/build/go2_interfaces -- -j4 -l4
[12.495s] DEBUG:colcon.colcon_core.event_handler.log_command:Invoked command in '/home/unitree/go/Go2Robot/ros_ws/build/go2_interfaces' returned '0': /usr/bin/cmake --build /home/unitree/go/Go2Robot/ros_ws/build/go2_interfaces -- -j4 -l4
[12.732s] DEBUG:colcon.colcon_core.event_handler.log_command:Invoking command in '/home/unitree/go/Go2Robot/ros_ws/build/go2_interfaces': /usr/bin/cmake --install /home/unitree/go/Go2Robot/ros_ws/build/go2_interfaces
[12.852s] DEBUG:colcon.colcon_core.event_handler.log_command:Invoked command in '/home/unitree/go/Go2Robot/ros_ws/build/go2_interfaces' returned '0': /usr/bin/cmake --install /home/unitree/go/Go2Robot/ros_ws/build/go2_interfaces
[12.957s] Level 1:colcon.colcon_core.shell:create_environment_hook('go2_interfaces', 'ros_package_path')
[13.035s] INFO:colcon.colcon_core.shell:Creating environment hook '/home/unitree/go/Go2Robot/ros_ws/install/go2_interfaces/share/go2_interfaces/hook/ros_package_path.ps1'
[13.037s] INFO:colcon.colcon_core.shell:Creating environment descriptor '/home/unitree/go/Go2Robot/ros_ws/install/go2_interfaces/share/go2_interfaces/hook/ros_package_path.dsv'
[13.038s] INFO:colcon.colcon_core.shell:Creating environment hook '/home/unitree/go/Go2Robot/ros_ws/install/go2_interfaces/share/go2_interfaces/hook/ros_package_path.sh'
[13.039s] Level 1:colcon.colcon_ros.task.catkin:checking '/home/unitree/go/Go2Robot/ros_ws/install/go2_interfaces/lib/python3.8/site-packages'
[13.040s] Level 1:colcon.colcon_core.shell:create_environment_hook('go2_interfaces', 'catkin_pythonpath')
[13.107s] INFO:colcon.colcon_core.shell:Creating environment hook '/home/unitree/go/Go2Robot/ros_ws/install/go2_interfaces/share/go2_interfaces/hook/catkin_pythonpath.ps1'
[13.107s] INFO:colcon.colcon_core.shell:Creating environment descriptor '/home/unitree/go/Go2Robot/ros_ws/install/go2_interfaces/share/go2_interfaces/hook/catkin_pythonpath.dsv'
[13.108s] INFO:colcon.colcon_core.shell:Creating environment hook '/home/unitree/go/Go2Robot/ros_ws/install/go2_interfaces/share/go2_interfaces/hook/catkin_pythonpath.sh'
[13.108s] Level 1:colcon.colcon_core.shell:create_environment_hook('go2_interfaces', 'pkg_config_path')
[13.175s] INFO:colcon.colcon_core.shell:Creating environment hook '/home/unitree/go/Go2Robot/ros_ws/install/go2_interfaces/share/go2_interfaces/hook/pkg_config_path.ps1'
[13.176s] INFO:colcon.colcon_core.shell:Creating environment descriptor '/home/unitree/go/Go2Robot/ros_ws/install/go2_interfaces/share/go2_interfaces/hook/pkg_config_path.dsv'
[13.177s] INFO:colcon.colcon_core.shell:Creating environment hook '/home/unitree/go/Go2Robot/ros_ws/install/go2_interfaces/share/go2_interfaces/hook/pkg_config_path.sh'
[13.184s] Level 1:colcon.colcon_core.shell:create_environment_hook('go2_interfaces', 'pkg_config_path_multiarch')
[13.252s] INFO:colcon.colcon_core.shell:Creating environment hook '/home/unitree/go/Go2Robot/ros_ws/install/go2_interfaces/share/go2_interfaces/hook/pkg_config_path_multiarch.ps1'
[13.253s] INFO:colcon.colcon_core.shell:Creating environment descriptor '/home/unitree/go/Go2Robot/ros_ws/install/go2_interfaces/share/go2_interfaces/hook/pkg_config_path_multiarch.dsv'
[13.253s] INFO:colcon.colcon_core.shell:Creating environment hook '/home/unitree/go/Go2Robot/ros_ws/install/go2_interfaces/share/go2_interfaces/hook/pkg_config_path_multiarch.sh'
[13.322s] Level 1:colcon.colcon_core.environment:create_environment_scripts_only(go2_interfaces)
[13.395s] Level 1:colcon.colcon_core.environment:checking '/home/unitree/go/Go2Robot/ros_ws/install/go2_interfaces' for CMake module files
[13.396s] Level 1:colcon.colcon_core.environment:checking '/home/unitree/go/Go2Robot/ros_ws/install/go2_interfaces' for CMake config files
[13.397s] Level 1:colcon.colcon_core.shell:create_environment_hook('go2_interfaces', 'cmake_prefix_path')
[13.463s] INFO:colcon.colcon_core.shell:Creating environment hook '/home/unitree/go/Go2Robot/ros_ws/install/go2_interfaces/share/go2_interfaces/hook/cmake_prefix_path.ps1'
[13.464s] INFO:colcon.colcon_core.shell:Creating environment descriptor '/home/unitree/go/Go2Robot/ros_ws/install/go2_interfaces/share/go2_interfaces/hook/cmake_prefix_path.dsv'
[13.465s] INFO:colcon.colcon_core.shell:Creating environment hook '/home/unitree/go/Go2Robot/ros_ws/install/go2_interfaces/share/go2_interfaces/hook/cmake_prefix_path.sh'
[13.466s] Level 1:colcon.colcon_core.environment:checking '/home/unitree/go/Go2Robot/ros_ws/install/go2_interfaces/lib'
[13.466s] Level 1:colcon.colcon_core.shell:create_environment_hook('go2_interfaces', 'ld_library_path_lib')
[13.532s] INFO:colcon.colcon_core.shell:Creating environment hook '/home/unitree/go/Go2Robot/ros_ws/install/go2_interfaces/share/go2_interfaces/hook/ld_library_path_lib.ps1'
[13.533s] INFO:colcon.colcon_core.shell:Creating environment descriptor '/home/unitree/go/Go2Robot/ros_ws/install/go2_interfaces/share/go2_interfaces/hook/ld_library_path_lib.dsv'
[13.534s] INFO:colcon.colcon_core.shell:Creating environment hook '/home/unitree/go/Go2Robot/ros_ws/install/go2_interfaces/share/go2_interfaces/hook/ld_library_path_lib.sh'
[13.534s] Level 1:colcon.colcon_core.environment:checking '/home/unitree/go/Go2Robot/ros_ws/install/go2_interfaces/bin'
[13.534s] Level 1:colcon.colcon_core.environment:checking '/home/unitree/go/Go2Robot/ros_ws/install/go2_interfaces/lib/pkgconfig/go2_interfaces.pc'
[13.535s] Level 1:colcon.colcon_core.environment:checking '/home/unitree/go/Go2Robot/ros_ws/install/go2_interfaces/lib/python3.8/site-packages'
[13.535s] Level 1:colcon.colcon_core.shell:create_environment_hook('go2_interfaces', 'pythonpath')
[13.601s] INFO:colcon.colcon_core.shell:Creating environment hook '/home/unitree/go/Go2Robot/ros_ws/install/go2_interfaces/share/go2_interfaces/hook/pythonpath.ps1'
[13.602s] INFO:colcon.colcon_core.shell:Creating environment descriptor '/home/unitree/go/Go2Robot/ros_ws/install/go2_interfaces/share/go2_interfaces/hook/pythonpath.dsv'
[13.603s] INFO:colcon.colcon_core.shell:Creating environment hook '/home/unitree/go/Go2Robot/ros_ws/install/go2_interfaces/share/go2_interfaces/hook/pythonpath.sh'
[13.603s] Level 1:colcon.colcon_core.environment:checking '/home/unitree/go/Go2Robot/ros_ws/install/go2_interfaces/bin'
[13.670s] INFO:colcon.colcon_core.shell:Creating package script '/home/unitree/go/Go2Robot/ros_ws/install/go2_interfaces/share/go2_interfaces/package.ps1'
[13.672s] INFO:colcon.colcon_core.shell:Creating package descriptor '/home/unitree/go/Go2Robot/ros_ws/install/go2_interfaces/share/go2_interfaces/package.dsv'
[13.674s] INFO:colcon.colcon_core.shell:Creating package script '/home/unitree/go/Go2Robot/ros_ws/install/go2_interfaces/share/go2_interfaces/package.sh'
[13.675s] INFO:colcon.colcon_core.shell:Creating package script '/home/unitree/go/Go2Robot/ros_ws/install/go2_interfaces/share/go2_interfaces/package.bash'
[13.676s] INFO:colcon.colcon_core.shell:Creating package script '/home/unitree/go/Go2Robot/ros_ws/install/go2_interfaces/share/go2_interfaces/package.zsh'
[13.678s] Level 1:colcon.colcon_core.environment:create_file_with_runtime_dependencies(/home/unitree/go/Go2Robot/ros_ws/install/go2_interfaces/share/colcon-core/packages/go2_interfaces)
[13.679s] INFO:colcon.colcon_ros.task.ament_python.build:Building ROS package in '/home/unitree/go/Go2Robot/ros_ws/src/go2_bridge' with build type 'ament_python'
[13.679s] Level 1:colcon.colcon_core.shell:create_environment_hook('go2_bridge', 'ament_prefix_path')
[13.746s] INFO:colcon.colcon_core.shell:Creating environment hook '/home/unitree/go/Go2Robot/ros_ws/install/go2_bridge/share/go2_bridge/hook/ament_prefix_path.ps1'
[13.747s] INFO:colcon.colcon_core.shell:Creating environment descriptor '/home/unitree/go/Go2Robot/ros_ws/install/go2_bridge/share/go2_bridge/hook/ament_prefix_path.dsv'
[13.748s] INFO:colcon.colcon_core.shell:Creating environment hook '/home/unitree/go/Go2Robot/ros_ws/install/go2_bridge/share/go2_bridge/hook/ament_prefix_path.sh'
[13.814s] INFO:colcon.colcon_core.shell:Skip shell extension 'powershell' for command environment: Not usable outside of PowerShell
[13.814s] DEBUG:colcon.colcon_core.shell:Skip shell extension 'dsv' for command environment
[13.953s] INFO:colcon.colcon_ros.task.ament_python.build:Building ROS package in '/home/unitree/go/Go2Robot/ros_ws/src/go2_mission' with build type 'ament_python'
[13.953s] Level 1:colcon.colcon_core.shell:create_environment_hook('go2_mission', 'ament_prefix_path')
[14.022s] INFO:colcon.colcon_core.shell:Creating environment hook '/home/unitree/go/Go2Robot/ros_ws/install/go2_mission/share/go2_mission/hook/ament_prefix_path.ps1'
[14.023s] INFO:colcon.colcon_core.shell:Creating environment descriptor '/home/unitree/go/Go2Robot/ros_ws/install/go2_mission/share/go2_mission/hook/ament_prefix_path.dsv'
[14.024s] INFO:colcon.colcon_core.shell:Creating environment hook '/home/unitree/go/Go2Robot/ros_ws/install/go2_mission/share/go2_mission/hook/ament_prefix_path.sh'
[14.091s] INFO:colcon.colcon_core.shell:Skip shell extension 'powershell' for command environment: Not usable outside of PowerShell
[14.092s] DEBUG:colcon.colcon_core.shell:Skip shell extension 'dsv' for command environment
[14.641s] INFO:colcon.colcon_core.task.python.build:Building Python package in '/home/unitree/go/Go2Robot/ros_ws/src/go2_bridge'
[14.712s] INFO:colcon.colcon_core.shell:Skip shell extension 'powershell' for command environment: Not usable outside of PowerShell
[14.712s] DEBUG:colcon.colcon_core.shell:Skip shell extension 'dsv' for command environment
[15.262s] INFO:colcon.colcon_core.task.python.build:Building Python package in '/home/unitree/go/Go2Robot/ros_ws/src/go2_mission'
[15.334s] INFO:colcon.colcon_core.shell:Skip shell extension 'powershell' for command environment: Not usable outside of PowerShell
[15.334s] DEBUG:colcon.colcon_core.shell:Skip shell extension 'dsv' for command environment
[16.358s] DEBUG:colcon.colcon_core.event_handler.log_command:Invoking command in '/home/unitree/go/Go2Robot/ros_ws/build/go2_mission': CMAKE_PREFIX_PATH=/home/unitree/go/Go2Robot/ros_ws/install/go2_interfaces LD_LIBRARY_PATH=/home/unitree/go/Go2Robot/ros_ws/install/go2_interfaces/lib:${LD_LIBRARY_PATH} PKG_CONFIG_PATH=/home/unitree/go/Go2Robot/ros_ws/install/go2_interfaces/lib/aarch64-linux-gnu/pkgconfig:/home/unitree/go/Go2Robot/ros_ws/install/go2_interfaces/lib/pkgconfig:${PKG_CONFIG_PATH} PYTHONPATH=/home/unitree/go/Go2Robot/ros_ws/build/go2_mission/prefix_override:/home/unitree/go/Go2Robot/ros_ws/install/go2_mission/lib/python3.8/site-packages:/home/unitree/go/Go2Robot/ros_ws/install/go2_interfaces/lib/python3.8/site-packages:${PYTHONPATH} ROS_PACKAGE_PATH=/home/unitree/go/Go2Robot/ros_ws/install/go2_interfaces/share /usr/bin/python3 setup.py develop --editable --build-directory /home/unitree/go/Go2Robot/ros_ws/build/go2_mission/build --no-deps install_data
[16.365s] DEBUG:colcon.colcon_core.event_handler.log_command:Invoking command in '/home/unitree/go/Go2Robot/ros_ws/build/go2_bridge': CMAKE_PREFIX_PATH=/home/unitree/go/Go2Robot/ros_ws/install/go2_interfaces LD_LIBRARY_PATH=/home/unitree/go/Go2Robot/ros_ws/install/go2_interfaces/lib:${LD_LIBRARY_PATH} PKG_CONFIG_PATH=/home/unitree/go/Go2Robot/ros_ws/install/go2_interfaces/lib/aarch64-linux-gnu/pkgconfig:/home/unitree/go/Go2Robot/ros_ws/install/go2_interfaces/lib/pkgconfig:${PKG_CONFIG_PATH} PYTHONPATH=/home/unitree/go/Go2Robot/ros_ws/build/go2_bridge/prefix_override:/home/unitree/go/Go2Robot/ros_ws/install/go2_bridge/lib/python3.8/site-packages:/home/unitree/go/Go2Robot/ros_ws/install/go2_interfaces/lib/python3.8/site-packages:${PYTHONPATH} ROS_PACKAGE_PATH=/home/unitree/go/Go2Robot/ros_ws/install/go2_interfaces/share /usr/bin/python3 setup.py develop --editable --build-directory /home/unitree/go/Go2Robot/ros_ws/build/go2_bridge/build --no-deps install_data
[17.266s] Level 1:colcon.colcon_core.shell:create_environment_hook('go2_mission', 'pythonpath_develop')
[17.268s] DEBUG:colcon.colcon_core.event_handler.log_command:Invoked command in '/home/unitree/go/Go2Robot/ros_ws/build/go2_mission' returned '0': CMAKE_PREFIX_PATH=/home/unitree/go/Go2Robot/ros_ws/install/go2_interfaces LD_LIBRARY_PATH=/home/unitree/go/Go2Robot/ros_ws/install/go2_interfaces/lib:${LD_LIBRARY_PATH} PKG_CONFIG_PATH=/home/unitree/go/Go2Robot/ros_ws/install/go2_interfaces/lib/aarch64-linux-gnu/pkgconfig:/home/unitree/go/Go2Robot/ros_ws/install/go2_interfaces/lib/pkgconfig:${PKG_CONFIG_PATH} PYTHONPATH=/home/unitree/go/Go2Robot/ros_ws/build/go2_mission/prefix_override:/home/unitree/go/Go2Robot/ros_ws/install/go2_mission/lib/python3.8/site-packages:/home/unitree/go/Go2Robot/ros_ws/install/go2_interfaces/lib/python3.8/site-packages:${PYTHONPATH} ROS_PACKAGE_PATH=/home/unitree/go/Go2Robot/ros_ws/install/go2_interfaces/share /usr/bin/python3 setup.py develop --editable --build-directory /home/unitree/go/Go2Robot/ros_ws/build/go2_mission/build --no-deps install_data
[17.387s] INFO:colcon.colcon_core.shell:Creating environment hook '/home/unitree/go/Go2Robot/ros_ws/build/go2_mission/share/go2_mission/hook/pythonpath_develop.ps1'
[17.388s] INFO:colcon.colcon_core.shell:Creating environment descriptor '/home/unitree/go/Go2Robot/ros_ws/build/go2_mission/share/go2_mission/hook/pythonpath_develop.dsv'
[17.389s] INFO:colcon.colcon_core.shell:Creating environment hook '/home/unitree/go/Go2Robot/ros_ws/build/go2_mission/share/go2_mission/hook/pythonpath_develop.sh'
[17.456s] Level 1:colcon.colcon_core.environment:checking '/home/unitree/go/Go2Robot/ros_ws/install/go2_mission' for CMake module files
[17.457s] Level 1:colcon.colcon_core.environment:checking '/home/unitree/go/Go2Robot/ros_ws/install/go2_mission' for CMake config files
[17.458s] Level 1:colcon.colcon_core.environment:checking '/home/unitree/go/Go2Robot/ros_ws/install/go2_mission/lib'
[17.458s] Level 1:colcon.colcon_core.environment:checking '/home/unitree/go/Go2Robot/ros_ws/install/go2_mission/bin'
[17.458s] Level 1:colcon.colcon_core.environment:checking '/home/unitree/go/Go2Robot/ros_ws/install/go2_mission/lib/pkgconfig/go2_mission.pc'
[17.459s] Level 1:colcon.colcon_core.environment:checking '/home/unitree/go/Go2Robot/ros_ws/install/go2_mission/lib/python3.8/site-packages'
[17.459s] Level 1:colcon.colcon_core.shell:create_environment_hook('go2_mission', 'pythonpath')
[17.526s] INFO:colcon.colcon_core.shell:Creating environment hook '/home/unitree/go/Go2Robot/ros_ws/install/go2_mission/share/go2_mission/hook/pythonpath.ps1'
[17.527s] INFO:colcon.colcon_core.shell:Creating environment descriptor '/home/unitree/go/Go2Robot/ros_ws/install/go2_mission/share/go2_mission/hook/pythonpath.dsv'
[17.527s] INFO:colcon.colcon_core.shell:Creating environment hook '/home/unitree/go/Go2Robot/ros_ws/install/go2_mission/share/go2_mission/hook/pythonpath.sh'
[17.528s] Level 1:colcon.colcon_core.environment:checking '/home/unitree/go/Go2Robot/ros_ws/install/go2_mission/bin'
[17.528s] Level 1:colcon.colcon_core.environment:create_environment_scripts_only(go2_mission)
[17.595s] INFO:colcon.colcon_core.shell:Creating package script '/home/unitree/go/Go2Robot/ros_ws/install/go2_mission/share/go2_mission/package.ps1'
[17.596s] INFO:colcon.colcon_core.shell:Creating package descriptor '/home/unitree/go/Go2Robot/ros_ws/install/go2_mission/share/go2_mission/package.dsv'
[17.597s] INFO:colcon.colcon_core.shell:Creating package script '/home/unitree/go/Go2Robot/ros_ws/install/go2_mission/share/go2_mission/package.sh'
[17.597s] INFO:colcon.colcon_core.shell:Creating package script '/home/unitree/go/Go2Robot/ros_ws/install/go2_mission/share/go2_mission/package.bash'
[17.598s] INFO:colcon.colcon_core.shell:Creating package script '/home/unitree/go/Go2Robot/ros_ws/install/go2_mission/share/go2_mission/package.zsh'
[17.599s] Level 1:colcon.colcon_core.environment:create_file_with_runtime_dependencies(/home/unitree/go/Go2Robot/ros_ws/install/go2_mission/share/colcon-core/packages/go2_mission)
[17.599s] Level 1:colcon.colcon_core.shell:create_environment_hook('go2_bridge', 'pythonpath_develop')
[17.600s] DEBUG:colcon.colcon_core.event_handler.log_command:Invoked command in '/home/unitree/go/Go2Robot/ros_ws/build/go2_bridge' returned '0': CMAKE_PREFIX_PATH=/home/unitree/go/Go2Robot/ros_ws/install/go2_interfaces LD_LIBRARY_PATH=/home/unitree/go/Go2Robot/ros_ws/install/go2_interfaces/lib:${LD_LIBRARY_PATH} PKG_CONFIG_PATH=/home/unitree/go/Go2Robot/ros_ws/install/go2_interfaces/lib/aarch64-linux-gnu/pkgconfig:/home/unitree/go/Go2Robot/ros_ws/install/go2_interfaces/lib/pkgconfig:${PKG_CONFIG_PATH} PYTHONPATH=/home/unitree/go/Go2Robot/ros_ws/build/go2_bridge/prefix_override:/home/unitree/go/Go2Robot/ros_ws/install/go2_bridge/lib/python3.8/site-packages:/home/unitree/go/Go2Robot/ros_ws/install/go2_interfaces/lib/python3.8/site-packages:${PYTHONPATH} ROS_PACKAGE_PATH=/home/unitree/go/Go2Robot/ros_ws/install/go2_interfaces/share /usr/bin/python3 setup.py develop --editable --build-directory /home/unitree/go/Go2Robot/ros_ws/build/go2_bridge/build --no-deps install_data
[17.667s] INFO:colcon.colcon_core.shell:Creating environment hook '/home/unitree/go/Go2Robot/ros_ws/build/go2_bridge/share/go2_bridge/hook/pythonpath_develop.ps1'
[17.668s] INFO:colcon.colcon_core.shell:Creating environment descriptor '/home/unitree/go/Go2Robot/ros_ws/build/go2_bridge/share/go2_bridge/hook/pythonpath_develop.dsv'
[17.668s] INFO:colcon.colcon_core.shell:Creating environment hook '/home/unitree/go/Go2Robot/ros_ws/build/go2_bridge/share/go2_bridge/hook/pythonpath_develop.sh'
[17.735s] Level 1:colcon.colcon_core.environment:checking '/home/unitree/go/Go2Robot/ros_ws/install/go2_bridge' for CMake module files
[17.736s] Level 1:colcon.colcon_core.environment:checking '/home/unitree/go/Go2Robot/ros_ws/install/go2_bridge' for CMake config files
[17.737s] Level 1:colcon.colcon_core.environment:checking '/home/unitree/go/Go2Robot/ros_ws/install/go2_bridge/lib'
[17.737s] Level 1:colcon.colcon_core.environment:checking '/home/unitree/go/Go2Robot/ros_ws/install/go2_bridge/bin'
[17.737s] Level 1:colcon.colcon_core.environment:checking '/home/unitree/go/Go2Robot/ros_ws/install/go2_bridge/lib/pkgconfig/go2_bridge.pc'
[17.738s] Level 1:colcon.colcon_core.environment:checking '/home/unitree/go/Go2Robot/ros_ws/install/go2_bridge/lib/python3.8/site-packages'
[17.738s] Level 1:colcon.colcon_core.shell:create_environment_hook('go2_bridge', 'pythonpath')
[17.805s] INFO:colcon.colcon_core.shell:Creating environment hook '/home/unitree/go/Go2Robot/ros_ws/install/go2_bridge/share/go2_bridge/hook/pythonpath.ps1'
[17.806s] INFO:colcon.colcon_core.shell:Creating environment descriptor '/home/unitree/go/Go2Robot/ros_ws/install/go2_bridge/share/go2_bridge/hook/pythonpath.dsv'
[17.806s] INFO:colcon.colcon_core.shell:Creating environment hook '/home/unitree/go/Go2Robot/ros_ws/install/go2_bridge/share/go2_bridge/hook/pythonpath.sh'
[17.807s] Level 1:colcon.colcon_core.environment:checking '/home/unitree/go/Go2Robot/ros_ws/install/go2_bridge/bin'
[17.807s] Level 1:colcon.colcon_core.environment:create_environment_scripts_only(go2_bridge)
[17.873s] INFO:colcon.colcon_core.shell:Creating package script '/home/unitree/go/Go2Robot/ros_ws/install/go2_bridge/share/go2_bridge/package.ps1'
[17.874s] INFO:colcon.colcon_core.shell:Creating package descriptor '/home/unitree/go/Go2Robot/ros_ws/install/go2_bridge/share/go2_bridge/package.dsv'
[17.875s] INFO:colcon.colcon_core.shell:Creating package script '/home/unitree/go/Go2Robot/ros_ws/install/go2_bridge/share/go2_bridge/package.sh'
[17.876s] INFO:colcon.colcon_core.shell:Creating package script '/home/unitree/go/Go2Robot/ros_ws/install/go2_bridge/share/go2_bridge/package.bash'
[17.877s] INFO:colcon.colcon_core.shell:Creating package script '/home/unitree/go/Go2Robot/ros_ws/install/go2_bridge/share/go2_bridge/package.zsh'
[17.877s] Level 1:colcon.colcon_core.environment:create_file_with_runtime_dependencies(/home/unitree/go/Go2Robot/ros_ws/install/go2_bridge/share/colcon-core/packages/go2_bridge)
[17.878s] DEBUG:colcon.colcon_parallel_executor.executor.parallel:closing loop
[17.878s] DEBUG:colcon.colcon_parallel_executor.executor.parallel:loop closed
[17.879s] DEBUG:colcon.colcon_parallel_executor.executor.parallel:run_until_complete finished with '0'
[17.879s] DEBUG:colcon.colcon_core.event_reactor:joining thread
[17.956s] INFO:colcon.colcon_core.plugin_system:Skipping extension 'colcon_notification.desktop_notification.terminal_notifier': Not used on non-Darwin systems
[17.956s] INFO:colcon.colcon_core.plugin_system:Skipping extension 'colcon_notification.desktop_notification.win32': Not used on non-Windows systems
[17.956s] INFO:colcon.colcon_notification.desktop_notification:Sending desktop notification using 'notify2'
[17.978s] DEBUG:colcon.colcon_notification.desktop_notification.notify2:Failed to initialize notify2: org.freedesktop.DBus.Error.Spawn.ChildExited: Process org.freedesktop.Notifications exited with status 1
[17.978s] DEBUG:colcon.colcon_core.event_reactor:joined thread
[18.046s] INFO:colcon.colcon_core.shell:Creating prefix script '/home/unitree/go/Go2Robot/ros_ws/install/local_setup.ps1'
[18.048s] INFO:colcon.colcon_core.shell:Creating prefix util module '/home/unitree/go/Go2Robot/ros_ws/install/_local_setup_util_ps1.py'
[18.050s] INFO:colcon.colcon_core.shell:Creating prefix chain script '/home/unitree/go/Go2Robot/ros_ws/install/setup.ps1'
[18.120s] INFO:colcon.colcon_core.shell:Creating prefix script '/home/unitree/go/Go2Robot/ros_ws/install/local_setup.sh'
[18.121s] INFO:colcon.colcon_core.shell:Creating prefix util module '/home/unitree/go/Go2Robot/ros_ws/install/_local_setup_util_sh.py'
[18.122s] INFO:colcon.colcon_core.shell:Creating prefix chain script '/home/unitree/go/Go2Robot/ros_ws/install/setup.sh'
[18.190s] INFO:colcon.colcon_core.shell:Creating prefix script '/home/unitree/go/Go2Robot/ros_ws/install/local_setup.bash'
[18.190s] INFO:colcon.colcon_core.shell:Creating prefix chain script '/home/unitree/go/Go2Robot/ros_ws/install/setup.bash'
[18.258s] INFO:colcon.colcon_core.shell:Creating prefix script '/home/unitree/go/Go2Robot/ros_ws/install/local_setup.zsh'
[18.259s] INFO:colcon.colcon_core.shell:Creating prefix chain script '/home/unitree/go/Go2Robot/ros_ws/install/setup.zsh'
